{"/Users/hondatakahiro/開発環境/ホンダナ/team_library/library-management-system/frontend/src/app/layout.tsx": {"path":"/Users/hondatakahiro/開発環境/ホンダナ/team_library/library-management-system/frontend/src/app/layout.tsx","statementMap":{"0":{"start":{"line":7,"column":14},"end":{"line":7,"column":43}},"1":{"start":{"line":9,"column":24},"end":{"line":12,"column":1}},"2":{"start":{"line":19,"column":2},"end":{"line":38,"column":3}}},"fnMap":{"0":{"name":"RootLayout","decl":{"start":{"line":14,"column":24},"end":{"line":14,"column":34}},"loc":{"start":{"line":18,"column":3},"end":{"line":39,"column":1}},"line":18}},"branchMap":{},"s":{"0":0,"1":0,"2":0},"f":{"0":0},"b":{}}
,"/Users/hondatakahiro/開発環境/ホンダナ/team_library/library-management-system/frontend/src/app/page.tsx": {"path":"/Users/hondatakahiro/開発環境/ホンダナ/team_library/library-management-system/frontend/src/app/page.tsx","statementMap":{"0":{"start":{"line":16,"column":30},"end":{"line":16,"column":42}},"1":{"start":{"line":18,"column":2},"end":{"line":26,"column":24}},"2":{"start":{"line":20,"column":4},"end":{"line":25,"column":7}},"3":{"start":{"line":27,"column":2},"end":{"line":70,"column":3}}},"fnMap":{"0":{"name":"Home","decl":{"start":{"line":15,"column":24},"end":{"line":15,"column":28}},"loc":{"start":{"line":15,"column":31},"end":{"line":71,"column":1}},"line":15},"1":{"name":"(anonymous_1)","decl":{"start":{"line":18,"column":12},"end":{"line":18,"column":13}},"loc":{"start":{"line":18,"column":18},"end":{"line":26,"column":3}},"line":18}},"branchMap":{},"s":{"0":0,"1":0,"2":0,"3":0},"f":{"0":0,"1":0},"b":{}}
,"/Users/hondatakahiro/開発環境/ホンダナ/team_library/library-management-system/frontend/src/app/providers.tsx": {"path":"/Users/hondatakahiro/開発環境/ホンダナ/team_library/library-management-system/frontend/src/app/providers.tsx","statementMap":{"0":{"start":{"line":9,"column":24},"end":{"line":38,"column":5}},"1":{"start":{"line":9,"column":39},"end":{"line":38,"column":4}},"2":{"start":{"line":17,"column":10},"end":{"line":19,"column":11}},"3":{"start":{"line":18,"column":12},"end":{"line":18,"column":25}},"4":{"start":{"line":21,"column":10},"end":{"line":21,"column":34}},"5":{"start":{"line":30,"column":10},"end":{"line":32,"column":11}},"6":{"start":{"line":31,"column":12},"end":{"line":31,"column":25}},"7":{"start":{"line":34,"column":10},"end":{"line":34,"column":34}},"8":{"start":{"line":40,"column":2},"end":{"line":43,"column":8}},"9":{"start":{"line":42,"column":4},"end":{"line":42,"column":20}},"10":{"start":{"line":45,"column":2},"end":{"line":53,"column":3}}},"fnMap":{"0":{"name":"Providers","decl":{"start":{"line":8,"column":24},"end":{"line":8,"column":33}},"loc":{"start":{"line":8,"column":79},"end":{"line":54,"column":1}},"line":8},"1":{"name":"(anonymous_1)","decl":{"start":{"line":9,"column":33},"end":{"line":9,"column":34}},"loc":{"start":{"line":9,"column":39},"end":{"line":38,"column":4}},"line":9},"2":{"name":"(anonymous_2)","decl":{"start":{"line":15,"column":15},"end":{"line":15,"column":16}},"loc":{"start":{"line":15,"column":45},"end":{"line":22,"column":9}},"line":15},"3":{"name":"(anonymous_3)","decl":{"start":{"line":28,"column":15},"end":{"line":28,"column":16}},"loc":{"start":{"line":28,"column":45},"end":{"line":35,"column":9}},"line":28},"4":{"name":"(anonymous_4)","decl":{"start":{"line":40,"column":12},"end":{"line":40,"column":13}},"loc":{"start":{"line":40,"column":18},"end":{"line":43,"column":3}},"line":40}},"branchMap":{"0":{"loc":{"start":{"line":17,"column":10},"end":{"line":19,"column":11}},"type":"if","locations":[{"start":{"line":17,"column":10},"end":{"line":19,"column":11}},{"start":{},"end":{}}],"line":17},"1":{"loc":{"start":{"line":17,"column":14},"end":{"line":17,"column":80}},"type":"binary-expr","locations":[{"start":{"line":17,"column":14},"end":{"line":17,"column":45}},{"start":{"line":17,"column":49},"end":{"line":17,"column":80}}],"line":17},"2":{"loc":{"start":{"line":30,"column":10},"end":{"line":32,"column":11}},"type":"if","locations":[{"start":{"line":30,"column":10},"end":{"line":32,"column":11}},{"start":{},"end":{}}],"line":30},"3":{"loc":{"start":{"line":30,"column":14},"end":{"line":30,"column":77}},"type":"binary-expr","locations":[{"start":{"line":30,"column":14},"end":{"line":30,"column":44}},{"start":{"line":30,"column":48},"end":{"line":30,"column":77}}],"line":30},"4":{"loc":{"start":{"line":49,"column":7},"end":{"line":51,"column":7}},"type":"binary-expr","locations":[{"start":{"line":49,"column":7},"end":{"line":49,"column":45}},{"start":{"line":50,"column":8},"end":{"line":50,"column":52}}],"line":49}},"s":{"0":0,"1":0,"2":0,"3":0,"4":0,"5":0,"6":0,"7":0,"8":0,"9":0,"10":0},"f":{"0":0,"1":0,"2":0,"3":0,"4":0},"b":{"0":[0,0],"1":[0,0],"2":[0,0],"3":[0,0],"4":[0,0]}}
,"/Users/hondatakahiro/開発環境/ホンダナ/team_library/library-management-system/frontend/src/app/admin/page.tsx": {"path":"/Users/hondatakahiro/開発環境/ホンダナ/team_library/library-management-system/frontend/src/app/admin/page.tsx","statementMap":{"0":{"start":{"line":25,"column":36},"end":{"line":25,"column":56}},"1":{"start":{"line":28,"column":42},"end":{"line":32,"column":4}},"2":{"start":{"line":35,"column":40},"end":{"line":35,"column":55}},"3":{"start":{"line":38,"column":67},"end":{"line":41,"column":4}},"4":{"start":{"line":40,"column":19},"end":{"line":40,"column":52}},"5":{"start":{"line":44,"column":26},"end":{"line":44,"column":89}},"6":{"start":{"line":44,"column":58},"end":{"line":44,"column":82}},"7":{"start":{"line":47,"column":27},"end":{"line":47,"column":91}},"8":{"start":{"line":47,"column":59},"end":{"line":47,"column":84}},"9":{"start":{"line":50,"column":27},"end":{"line":50,"column":91}},"10":{"start":{"line":50,"column":59},"end":{"line":50,"column":84}},"11":{"start":{"line":53,"column":53},"end":{"line":56,"column":4}},"12":{"start":{"line":55,"column":19},"end":{"line":55,"column":38}},"13":{"start":{"line":59,"column":53},"end":{"line":62,"column":4}},"14":{"start":{"line":61,"column":19},"end":{"line":61,"column":38}},"15":{"start":{"line":65,"column":57},"end":{"line":69,"column":4}},"16":{"start":{"line":67,"column":19},"end":{"line":67,"column":41}},"17":{"start":{"line":72,"column":29},"end":{"line":88,"column":3}},"18":{"start":{"line":73,"column":4},"end":{"line":73,"column":57}},"19":{"start":{"line":73,"column":46},"end":{"line":73,"column":57}},"20":{"start":{"line":75,"column":4},"end":{"line":87,"column":6}},"21":{"start":{"line":76,"column":23},"end":{"line":76,"column":48}},"22":{"start":{"line":77,"column":23},"end":{"line":77,"column":45}},"23":{"start":{"line":78,"column":24},"end":{"line":78,"column":47}},"24":{"start":{"line":80,"column":6},"end":{"line":84,"column":7}},"25":{"start":{"line":81,"column":8},"end":{"line":81,"column":45}},"26":{"start":{"line":82,"column":13},"end":{"line":84,"column":7}},"27":{"start":{"line":83,"column":8},"end":{"line":83,"column":81}},"28":{"start":{"line":86,"column":6},"end":{"line":86,"column":17}},"29":{"start":{"line":91,"column":24},"end":{"line":91,"column":85}},"30":{"start":{"line":92,"column":27},"end":{"line":92,"column":101}},"31":{"start":{"line":95,"column":27},"end":{"line":99,"column":3}},"32":{"start":{"line":96,"column":4},"end":{"line":96,"column":49}},"33":{"start":{"line":96,"column":37},"end":{"line":96,"column":49}},"34":{"start":{"line":97,"column":4},"end":{"line":97,"column":68}},"35":{"start":{"line":97,"column":38},"end":{"line":97,"column":68}},"36":{"start":{"line":98,"column":4},"end":{"line":98,"column":56}},"37":{"start":{"line":102,"column":25},"end":{"line":113,"column":3}},"38":{"start":{"line":103,"column":4},"end":{"line":112,"column":5}},"39":{"start":{"line":105,"column":8},"end":{"line":105,"column":104}},"40":{"start":{"line":107,"column":8},"end":{"line":107,"column":103}},"41":{"start":{"line":109,"column":8},"end":{"line":109,"column":97}},"42":{"start":{"line":111,"column":8},"end":{"line":111,"column":99}},"43":{"start":{"line":116,"column":25},"end":{"line":127,"column":3}},"44":{"start":{"line":117,"column":4},"end":{"line":126,"column":5}},"45":{"start":{"line":119,"column":6},"end":{"line":119,"column":57}},"46":{"start":{"line":122,"column":6},"end":{"line":122,"column":27}},"47":{"start":{"line":124,"column":6},"end":{"line":124,"column":41}},"48":{"start":{"line":125,"column":6},"end":{"line":125,"column":30}},"49":{"start":{"line":130,"column":24},"end":{"line":141,"column":3}},"50":{"start":{"line":131,"column":4},"end":{"line":140,"column":5}},"51":{"start":{"line":133,"column":6},"end":{"line":133,"column":56}},"52":{"start":{"line":136,"column":6},"end":{"line":136,"column":27}},"53":{"start":{"line":138,"column":6},"end":{"line":138,"column":41}},"54":{"start":{"line":139,"column":6},"end":{"line":139,"column":30}},"55":{"start":{"line":144,"column":27},"end":{"line":176,"column":3}},"56":{"start":{"line":145,"column":4},"end":{"line":145,"column":43}},"57":{"start":{"line":145,"column":34},"end":{"line":145,"column":43}},"58":{"start":{"line":147,"column":22},"end":{"line":172,"column":6}},"59":{"start":{"line":149,"column":24},"end":{"line":149,"column":78}},"60":{"start":{"line":149,"column":53},"end":{"line":149,"column":77}},"61":{"start":{"line":152,"column":53},"end":{"line":152,"column":55}},"62":{"start":{"line":153,"column":6},"end":{"line":158,"column":8}},"63":{"start":{"line":154,"column":21},"end":{"line":154,"column":60}},"64":{"start":{"line":154,"column":38},"end":{"line":154,"column":59}},"65":{"start":{"line":155,"column":8},"end":{"line":157,"column":9}},"66":{"start":{"line":156,"column":10},"end":{"line":156,"column":82}},"67":{"start":{"line":161,"column":28},"end":{"line":164,"column":58}},"68":{"start":{"line":162,"column":24},"end":{"line":162,"column":35}},"69":{"start":{"line":164,"column":37},"end":{"line":164,"column":56}},"70":{"start":{"line":166,"column":6},"end":{"line":171,"column":7}},"71":{"start":{"line":175,"column":4},"end":{"line":175,"column":64}},"72":{"start":{"line":175,"column":36},"end":{"line":175,"column":63}},"73":{"start":{"line":179,"column":30},"end":{"line":204,"column":3}},"74":{"start":{"line":180,"column":4},"end":{"line":180,"column":46}},"75":{"start":{"line":180,"column":37},"end":{"line":180,"column":46}},"76":{"start":{"line":182,"column":22},"end":{"line":200,"column":6}},"77":{"start":{"line":184,"column":27},"end":{"line":184,"column":82}},"78":{"start":{"line":184,"column":58},"end":{"line":184,"column":81}},"79":{"start":{"line":187,"column":27},"end":{"line":187,"column":86}},"80":{"start":{"line":187,"column":54},"end":{"line":187,"column":78}},"81":{"start":{"line":188,"column":28},"end":{"line":188,"column":88}},"82":{"start":{"line":188,"column":55},"end":{"line":188,"column":80}},"83":{"start":{"line":189,"column":28},"end":{"line":189,"column":88}},"84":{"start":{"line":189,"column":55},"end":{"line":189,"column":80}},"85":{"start":{"line":191,"column":6},"end":{"line":199,"column":7}},"86":{"start":{"line":203,"column":4},"end":{"line":203,"column":70}},"87":{"start":{"line":203,"column":36},"end":{"line":203,"column":69}},"88":{"start":{"line":207,"column":33},"end":{"line":224,"column":3}},"89":{"start":{"line":208,"column":4},"end":{"line":208,"column":43}},"90":{"start":{"line":208,"column":34},"end":{"line":208,"column":43}},"91":{"start":{"line":210,"column":22},"end":{"line":220,"column":6}},"92":{"start":{"line":212,"column":24},"end":{"line":212,"column":85}},"93":{"start":{"line":212,"column":53},"end":{"line":212,"column":77}},"94":{"start":{"line":214,"column":6},"end":{"line":219,"column":7}},"95":{"start":{"line":223,"column":4},"end":{"line":223,"column":62}},"96":{"start":{"line":223,"column":36},"end":{"line":223,"column":61}},"97":{"start":{"line":227,"column":25},"end":{"line":234,"column":3}},"98":{"start":{"line":228,"column":24},"end":{"line":228,"column":48}},"99":{"start":{"line":229,"column":18},"end":{"line":229,"column":20}},"100":{"start":{"line":230,"column":4},"end":{"line":232,"column":5}},"101":{"start":{"line":230,"column":17},"end":{"line":230,"column":18}},"102":{"start":{"line":231,"column":6},"end":{"line":231,"column":33}},"103":{"start":{"line":233,"column":4},"end":{"line":233,"column":16}},"104":{"start":{"line":237,"column":23},"end":{"line":237,"column":66}},"105":{"start":{"line":237,"column":60},"end":{"line":237,"column":65}},"106":{"start":{"line":239,"column":2},"end":{"line":844,"column":3}},"107":{"start":{"line":247,"column":27},"end":{"line":247,"column":51}},"108":{"start":{"line":258,"column":27},"end":{"line":258,"column":48}},"109":{"start":{"line":269,"column":27},"end":{"line":269,"column":48}},"110":{"start":{"line":280,"column":27},"end":{"line":280,"column":50}},"111":{"start":{"line":338,"column":38},"end":{"line":338,"column":88}},"112":{"start":{"line":338,"column":60},"end":{"line":338,"column":87}},"113":{"start":{"line":340,"column":20},"end":{"line":380,"column":21}},"114":{"start":{"line":363,"column":47},"end":{"line":363,"column":73}},"115":{"start":{"line":370,"column":47},"end":{"line":370,"column":72}},"116":{"start":{"line":431,"column":20},"end":{"line":461,"column":25}},"117":{"start":{"line":515,"column":20},"end":{"line":547,"column":25}},"118":{"start":{"line":567,"column":31},"end":{"line":567,"column":59}},"119":{"start":{"line":584,"column":37},"end":{"line":584,"column":93}},"120":{"start":{"line":600,"column":39},"end":{"line":600,"column":105}},"121":{"start":{"line":603,"column":24},"end":{"line":603,"column":72}},"122":{"start":{"line":617,"column":39},"end":{"line":617,"column":106}},"123":{"start":{"line":620,"column":24},"end":{"line":620,"column":75}},"124":{"start":{"line":661,"column":22},"end":{"line":688,"column":27}},"125":{"start":{"line":673,"column":34},"end":{"line":675,"column":39}},"126":{"start":{"line":728,"column":22},"end":{"line":762,"column":27}},"127":{"start":{"line":802,"column":22},"end":{"line":834,"column":27}}},"fnMap":{"0":{"name":"AdminDashboardPage","decl":{"start":{"line":23,"column":24},"end":{"line":23,"column":42}},"loc":{"start":{"line":23,"column":45},"end":{"line":845,"column":1}},"line":23},"1":{"name":"(anonymous_1)","decl":{"start":{"line":40,"column":13},"end":{"line":40,"column":14}},"loc":{"start":{"line":40,"column":19},"end":{"line":40,"column":52}},"line":40},"2":{"name":"(anonymous_2)","decl":{"start":{"line":44,"column":51},"end":{"line":44,"column":52}},"loc":{"start":{"line":44,"column":58},"end":{"line":44,"column":82}},"line":44},"3":{"name":"(anonymous_3)","decl":{"start":{"line":47,"column":52},"end":{"line":47,"column":53}},"loc":{"start":{"line":47,"column":59},"end":{"line":47,"column":84}},"line":47},"4":{"name":"(anonymous_4)","decl":{"start":{"line":50,"column":52},"end":{"line":50,"column":53}},"loc":{"start":{"line":50,"column":59},"end":{"line":50,"column":84}},"line":50},"5":{"name":"(anonymous_5)","decl":{"start":{"line":55,"column":13},"end":{"line":55,"column":14}},"loc":{"start":{"line":55,"column":19},"end":{"line":55,"column":38}},"line":55},"6":{"name":"(anonymous_6)","decl":{"start":{"line":61,"column":13},"end":{"line":61,"column":14}},"loc":{"start":{"line":61,"column":19},"end":{"line":61,"column":38}},"line":61},"7":{"name":"(anonymous_7)","decl":{"start":{"line":67,"column":13},"end":{"line":67,"column":14}},"loc":{"start":{"line":67,"column":19},"end":{"line":67,"column":41}},"line":67},"8":{"name":"(anonymous_8)","decl":{"start":{"line":72,"column":29},"end":{"line":72,"column":30}},"loc":{"start":{"line":72,"column":65},"end":{"line":88,"column":3}},"line":72},"9":{"name":"(anonymous_9)","decl":{"start":{"line":75,"column":23},"end":{"line":75,"column":24}},"loc":{"start":{"line":75,"column":31},"end":{"line":87,"column":5}},"line":75},"10":{"name":"(anonymous_10)","decl":{"start":{"line":95,"column":27},"end":{"line":95,"column":28}},"loc":{"start":{"line":95,"column":33},"end":{"line":99,"column":3}},"line":95},"11":{"name":"(anonymous_11)","decl":{"start":{"line":102,"column":25},"end":{"line":102,"column":26}},"loc":{"start":{"line":102,"column":45},"end":{"line":113,"column":3}},"line":102},"12":{"name":"(anonymous_12)","decl":{"start":{"line":116,"column":25},"end":{"line":116,"column":26}},"loc":{"start":{"line":116,"column":54},"end":{"line":127,"column":3}},"line":116},"13":{"name":"(anonymous_13)","decl":{"start":{"line":130,"column":24},"end":{"line":130,"column":25}},"loc":{"start":{"line":130,"column":53},"end":{"line":141,"column":3}},"line":130},"14":{"name":"(anonymous_14)","decl":{"start":{"line":144,"column":27},"end":{"line":144,"column":28}},"loc":{"start":{"line":144,"column":33},"end":{"line":176,"column":3}},"line":144},"15":{"name":"(anonymous_15)","decl":{"start":{"line":147,"column":32},"end":{"line":147,"column":33}},"loc":{"start":{"line":147,"column":40},"end":{"line":172,"column":5}},"line":147},"16":{"name":"(anonymous_16)","decl":{"start":{"line":149,"column":45},"end":{"line":149,"column":46}},"loc":{"start":{"line":149,"column":53},"end":{"line":149,"column":77}},"line":149},"17":{"name":"(anonymous_17)","decl":{"start":{"line":153,"column":24},"end":{"line":153,"column":25}},"loc":{"start":{"line":153,"column":32},"end":{"line":158,"column":7}},"line":153},"18":{"name":"(anonymous_18)","decl":{"start":{"line":154,"column":33},"end":{"line":154,"column":34}},"loc":{"start":{"line":154,"column":38},"end":{"line":154,"column":59}},"line":154},"19":{"name":"(anonymous_19)","decl":{"start":{"line":162,"column":14},"end":{"line":162,"column":15}},"loc":{"start":{"line":162,"column":24},"end":{"line":162,"column":35}},"line":162},"20":{"name":"(anonymous_20)","decl":{"start":{"line":164,"column":13},"end":{"line":164,"column":14}},"loc":{"start":{"line":164,"column":37},"end":{"line":164,"column":56}},"line":164},"21":{"name":"(anonymous_21)","decl":{"start":{"line":175,"column":26},"end":{"line":175,"column":27}},"loc":{"start":{"line":175,"column":36},"end":{"line":175,"column":63}},"line":175},"22":{"name":"(anonymous_22)","decl":{"start":{"line":179,"column":30},"end":{"line":179,"column":31}},"loc":{"start":{"line":179,"column":36},"end":{"line":204,"column":3}},"line":179},"23":{"name":"(anonymous_23)","decl":{"start":{"line":182,"column":32},"end":{"line":182,"column":33}},"loc":{"start":{"line":182,"column":40},"end":{"line":200,"column":5}},"line":182},"24":{"name":"(anonymous_24)","decl":{"start":{"line":184,"column":51},"end":{"line":184,"column":52}},"loc":{"start":{"line":184,"column":58},"end":{"line":184,"column":81}},"line":184},"25":{"name":"(anonymous_25)","decl":{"start":{"line":187,"column":47},"end":{"line":187,"column":48}},"loc":{"start":{"line":187,"column":54},"end":{"line":187,"column":78}},"line":187},"26":{"name":"(anonymous_26)","decl":{"start":{"line":188,"column":48},"end":{"line":188,"column":49}},"loc":{"start":{"line":188,"column":55},"end":{"line":188,"column":80}},"line":188},"27":{"name":"(anonymous_27)","decl":{"start":{"line":189,"column":48},"end":{"line":189,"column":49}},"loc":{"start":{"line":189,"column":55},"end":{"line":189,"column":80}},"line":189},"28":{"name":"(anonymous_28)","decl":{"start":{"line":203,"column":26},"end":{"line":203,"column":27}},"loc":{"start":{"line":203,"column":36},"end":{"line":203,"column":69}},"line":203},"29":{"name":"(anonymous_29)","decl":{"start":{"line":207,"column":33},"end":{"line":207,"column":34}},"loc":{"start":{"line":207,"column":39},"end":{"line":224,"column":3}},"line":207},"30":{"name":"(anonymous_30)","decl":{"start":{"line":210,"column":32},"end":{"line":210,"column":33}},"loc":{"start":{"line":210,"column":40},"end":{"line":220,"column":5}},"line":210},"31":{"name":"(anonymous_31)","decl":{"start":{"line":212,"column":45},"end":{"line":212,"column":46}},"loc":{"start":{"line":212,"column":53},"end":{"line":212,"column":77}},"line":212},"32":{"name":"(anonymous_32)","decl":{"start":{"line":223,"column":26},"end":{"line":223,"column":27}},"loc":{"start":{"line":223,"column":36},"end":{"line":223,"column":61}},"line":223},"33":{"name":"(anonymous_33)","decl":{"start":{"line":227,"column":25},"end":{"line":227,"column":26}},"loc":{"start":{"line":227,"column":31},"end":{"line":234,"column":3}},"line":227},"34":{"name":"(anonymous_34)","decl":{"start":{"line":237,"column":50},"end":{"line":237,"column":51}},"loc":{"start":{"line":237,"column":60},"end":{"line":237,"column":65}},"line":237},"35":{"name":"(anonymous_35)","decl":{"start":{"line":247,"column":21},"end":{"line":247,"column":22}},"loc":{"start":{"line":247,"column":27},"end":{"line":247,"column":51}},"line":247},"36":{"name":"(anonymous_36)","decl":{"start":{"line":258,"column":21},"end":{"line":258,"column":22}},"loc":{"start":{"line":258,"column":27},"end":{"line":258,"column":48}},"line":258},"37":{"name":"(anonymous_37)","decl":{"start":{"line":269,"column":21},"end":{"line":269,"column":22}},"loc":{"start":{"line":269,"column":27},"end":{"line":269,"column":48}},"line":269},"38":{"name":"(anonymous_38)","decl":{"start":{"line":280,"column":21},"end":{"line":280,"column":22}},"loc":{"start":{"line":280,"column":27},"end":{"line":280,"column":50}},"line":280},"39":{"name":"(anonymous_39)","decl":{"start":{"line":336,"column":60},"end":{"line":336,"column":61}},"loc":{"start":{"line":336,"column":73},"end":{"line":381,"column":19}},"line":336},"40":{"name":"(anonymous_40)","decl":{"start":{"line":338,"column":50},"end":{"line":338,"column":51}},"loc":{"start":{"line":338,"column":60},"end":{"line":338,"column":87}},"line":338},"41":{"name":"(anonymous_41)","decl":{"start":{"line":363,"column":41},"end":{"line":363,"column":42}},"loc":{"start":{"line":363,"column":47},"end":{"line":363,"column":73}},"line":363},"42":{"name":"(anonymous_42)","decl":{"start":{"line":370,"column":41},"end":{"line":370,"column":42}},"loc":{"start":{"line":370,"column":47},"end":{"line":370,"column":72}},"line":370},"43":{"name":"(anonymous_43)","decl":{"start":{"line":430,"column":38},"end":{"line":430,"column":39}},"loc":{"start":{"line":431,"column":20},"end":{"line":461,"column":25}},"line":431},"44":{"name":"(anonymous_44)","decl":{"start":{"line":514,"column":38},"end":{"line":514,"column":39}},"loc":{"start":{"line":515,"column":20},"end":{"line":547,"column":25}},"line":515},"45":{"name":"(anonymous_45)","decl":{"start":{"line":567,"column":25},"end":{"line":567,"column":26}},"loc":{"start":{"line":567,"column":31},"end":{"line":567,"column":59}},"line":567},"46":{"name":"(anonymous_46)","decl":{"start":{"line":584,"column":30},"end":{"line":584,"column":31}},"loc":{"start":{"line":584,"column":37},"end":{"line":584,"column":93}},"line":584},"47":{"name":"(anonymous_47)","decl":{"start":{"line":600,"column":32},"end":{"line":600,"column":33}},"loc":{"start":{"line":600,"column":39},"end":{"line":600,"column":105}},"line":600},"48":{"name":"(anonymous_48)","decl":{"start":{"line":602,"column":44},"end":{"line":602,"column":45}},"loc":{"start":{"line":603,"column":24},"end":{"line":603,"column":72}},"line":603},"49":{"name":"(anonymous_49)","decl":{"start":{"line":617,"column":32},"end":{"line":617,"column":33}},"loc":{"start":{"line":617,"column":39},"end":{"line":617,"column":106}},"line":617},"50":{"name":"(anonymous_50)","decl":{"start":{"line":619,"column":40},"end":{"line":619,"column":41}},"loc":{"start":{"line":620,"column":24},"end":{"line":620,"column":75}},"line":620},"51":{"name":"(anonymous_51)","decl":{"start":{"line":660,"column":44},"end":{"line":660,"column":45}},"loc":{"start":{"line":661,"column":22},"end":{"line":688,"column":27}},"line":661},"52":{"name":"(anonymous_52)","decl":{"start":{"line":672,"column":56},"end":{"line":672,"column":57}},"loc":{"start":{"line":673,"column":34},"end":{"line":675,"column":39}},"line":673},"53":{"name":"(anonymous_53)","decl":{"start":{"line":727,"column":47},"end":{"line":727,"column":48}},"loc":{"start":{"line":728,"column":22},"end":{"line":762,"column":27}},"line":728},"54":{"name":"(anonymous_54)","decl":{"start":{"line":801,"column":63},"end":{"line":801,"column":64}},"loc":{"start":{"line":802,"column":22},"end":{"line":834,"column":27}},"line":802}},"branchMap":{"0":{"loc":{"start":{"line":44,"column":26},"end":{"line":44,"column":89}},"type":"binary-expr","locations":[{"start":{"line":44,"column":26},"end":{"line":44,"column":83}},{"start":{"line":44,"column":87},"end":{"line":44,"column":89}}],"line":44},"1":{"loc":{"start":{"line":47,"column":27},"end":{"line":47,"column":91}},"type":"binary-expr","locations":[{"start":{"line":47,"column":27},"end":{"line":47,"column":85}},{"start":{"line":47,"column":89},"end":{"line":47,"column":91}}],"line":47},"2":{"loc":{"start":{"line":50,"column":27},"end":{"line":50,"column":91}},"type":"binary-expr","locations":[{"start":{"line":50,"column":27},"end":{"line":50,"column":85}},{"start":{"line":50,"column":89},"end":{"line":50,"column":91}}],"line":50},"3":{"loc":{"start":{"line":73,"column":4},"end":{"line":73,"column":57}},"type":"if","locations":[{"start":{"line":73,"column":4},"end":{"line":73,"column":57}},{"start":{},"end":{}}],"line":73},"4":{"loc":{"start":{"line":73,"column":8},"end":{"line":73,"column":44}},"type":"binary-expr","locations":[{"start":{"line":73,"column":8},"end":{"line":73,"column":13}},{"start":{"line":73,"column":17},"end":{"line":73,"column":44}}],"line":73},"5":{"loc":{"start":{"line":80,"column":6},"end":{"line":84,"column":7}},"type":"if","locations":[{"start":{"line":80,"column":6},"end":{"line":84,"column":7}},{"start":{"line":82,"column":13},"end":{"line":84,"column":7}}],"line":80},"6":{"loc":{"start":{"line":82,"column":13},"end":{"line":84,"column":7}},"type":"if","locations":[{"start":{"line":82,"column":13},"end":{"line":84,"column":7}},{"start":{},"end":{}}],"line":82},"7":{"loc":{"start":{"line":83,"column":15},"end":{"line":83,"column":81}},"type":"binary-expr","locations":[{"start":{"line":83,"column":15},"end":{"line":83,"column":45}},{"start":{"line":83,"column":49},"end":{"line":83,"column":81}}],"line":83},"8":{"loc":{"start":{"line":91,"column":24},"end":{"line":91,"column":85}},"type":"cond-expr","locations":[{"start":{"line":91,"column":36},"end":{"line":91,"column":80}},{"start":{"line":91,"column":83},"end":{"line":91,"column":85}}],"line":91},"9":{"loc":{"start":{"line":92,"column":27},"end":{"line":92,"column":101}},"type":"cond-expr","locations":[{"start":{"line":92,"column":46},"end":{"line":92,"column":96}},{"start":{"line":92,"column":99},"end":{"line":92,"column":101}}],"line":92},"10":{"loc":{"start":{"line":96,"column":4},"end":{"line":96,"column":49}},"type":"if","locations":[{"start":{"line":96,"column":4},"end":{"line":96,"column":49}},{"start":{},"end":{}}],"line":96},"11":{"loc":{"start":{"line":97,"column":4},"end":{"line":97,"column":68}},"type":"if","locations":[{"start":{"line":97,"column":4},"end":{"line":97,"column":68}},{"start":{},"end":{}}],"line":97},"12":{"loc":{"start":{"line":103,"column":4},"end":{"line":112,"column":5}},"type":"switch","locations":[{"start":{"line":104,"column":6},"end":{"line":105,"column":104}},{"start":{"line":106,"column":6},"end":{"line":107,"column":103}},{"start":{"line":108,"column":6},"end":{"line":109,"column":97}},{"start":{"line":110,"column":6},"end":{"line":111,"column":99}}],"line":103},"13":{"loc":{"start":{"line":145,"column":4},"end":{"line":145,"column":43}},"type":"if","locations":[{"start":{"line":145,"column":4},"end":{"line":145,"column":43}},{"start":{},"end":{}}],"line":145},"14":{"loc":{"start":{"line":145,"column":8},"end":{"line":145,"column":32}},"type":"binary-expr","locations":[{"start":{"line":145,"column":8},"end":{"line":145,"column":22}},{"start":{"line":145,"column":26},"end":{"line":145,"column":32}}],"line":145},"15":{"loc":{"start":{"line":155,"column":8},"end":{"line":157,"column":9}},"type":"if","locations":[{"start":{"line":155,"column":8},"end":{"line":157,"column":9}},{"start":{},"end":{}}],"line":155},"16":{"loc":{"start":{"line":156,"column":43},"end":{"line":156,"column":77}},"type":"binary-expr","locations":[{"start":{"line":156,"column":43},"end":{"line":156,"column":72}},{"start":{"line":156,"column":76},"end":{"line":156,"column":77}}],"line":156},"17":{"loc":{"start":{"line":180,"column":4},"end":{"line":180,"column":46}},"type":"if","locations":[{"start":{"line":180,"column":4},"end":{"line":180,"column":46}},{"start":{},"end":{}}],"line":180},"18":{"loc":{"start":{"line":180,"column":8},"end":{"line":180,"column":35}},"type":"binary-expr","locations":[{"start":{"line":180,"column":8},"end":{"line":180,"column":25}},{"start":{"line":180,"column":29},"end":{"line":180,"column":35}}],"line":180},"19":{"loc":{"start":{"line":198,"column":22},"end":{"line":198,"column":95}},"type":"cond-expr","locations":[{"start":{"line":198,"column":48},"end":{"line":198,"column":91}},{"start":{"line":198,"column":94},"end":{"line":198,"column":95}}],"line":198},"20":{"loc":{"start":{"line":208,"column":4},"end":{"line":208,"column":43}},"type":"if","locations":[{"start":{"line":208,"column":4},"end":{"line":208,"column":43}},{"start":{},"end":{}}],"line":208},"21":{"loc":{"start":{"line":208,"column":8},"end":{"line":208,"column":32}},"type":"binary-expr","locations":[{"start":{"line":208,"column":8},"end":{"line":208,"column":22}},{"start":{"line":208,"column":26},"end":{"line":208,"column":32}}],"line":208},"22":{"loc":{"start":{"line":249,"column":14},"end":{"line":251,"column":94}},"type":"cond-expr","locations":[{"start":{"line":250,"column":18},"end":{"line":250,"column":55}},{"start":{"line":251,"column":18},"end":{"line":251,"column":94}}],"line":249},"23":{"loc":{"start":{"line":260,"column":14},"end":{"line":262,"column":94}},"type":"cond-expr","locations":[{"start":{"line":261,"column":18},"end":{"line":261,"column":55}},{"start":{"line":262,"column":18},"end":{"line":262,"column":94}}],"line":260},"24":{"loc":{"start":{"line":271,"column":14},"end":{"line":273,"column":94}},"type":"cond-expr","locations":[{"start":{"line":272,"column":18},"end":{"line":272,"column":55}},{"start":{"line":273,"column":18},"end":{"line":273,"column":94}}],"line":271},"25":{"loc":{"start":{"line":282,"column":14},"end":{"line":284,"column":94}},"type":"cond-expr","locations":[{"start":{"line":283,"column":18},"end":{"line":283,"column":55}},{"start":{"line":284,"column":18},"end":{"line":284,"column":94}}],"line":282},"26":{"loc":{"start":{"line":294,"column":7},"end":{"line":387,"column":7}},"type":"binary-expr","locations":[{"start":{"line":294,"column":7},"end":{"line":294,"column":31}},{"start":{"line":295,"column":8},"end":{"line":386,"column":14}}],"line":294},"27":{"loc":{"start":{"line":305,"column":11},"end":{"line":385,"column":11}},"type":"cond-expr","locations":[{"start":{"line":306,"column":12},"end":{"line":309,"column":18}},{"start":{"line":311,"column":12},"end":{"line":384,"column":18}}],"line":305},"28":{"loc":{"start":{"line":336,"column":19},"end":{"line":381,"column":20}},"type":"binary-expr","locations":[{"start":{"line":336,"column":19},"end":{"line":336,"column":35}},{"start":{"line":336,"column":39},"end":{"line":381,"column":20}}],"line":336},"29":{"loc":{"start":{"line":350,"column":66},"end":{"line":350,"column":99}},"type":"binary-expr","locations":[{"start":{"line":350,"column":66},"end":{"line":350,"column":86}},{"start":{"line":350,"column":90},"end":{"line":350,"column":99}}],"line":350},"30":{"loc":{"start":{"line":351,"column":66},"end":{"line":351,"column":100}},"type":"binary-expr","locations":[{"start":{"line":351,"column":66},"end":{"line":351,"column":87}},{"start":{"line":351,"column":91},"end":{"line":351,"column":100}}],"line":351},"31":{"loc":{"start":{"line":360,"column":27},"end":{"line":377,"column":27}},"type":"binary-expr","locations":[{"start":{"line":360,"column":27},"end":{"line":360,"column":55}},{"start":{"line":361,"column":28},"end":{"line":376,"column":34}}],"line":360},"32":{"loc":{"start":{"line":390,"column":7},"end":{"line":468,"column":7}},"type":"binary-expr","locations":[{"start":{"line":390,"column":7},"end":{"line":390,"column":28}},{"start":{"line":391,"column":8},"end":{"line":467,"column":14}}],"line":390},"33":{"loc":{"start":{"line":399,"column":11},"end":{"line":466,"column":11}},"type":"cond-expr","locations":[{"start":{"line":400,"column":12},"end":{"line":403,"column":18}},{"start":{"line":405,"column":12},"end":{"line":465,"column":18}}],"line":399},"34":{"loc":{"start":{"line":430,"column":19},"end":{"line":462,"column":20}},"type":"binary-expr","locations":[{"start":{"line":430,"column":19},"end":{"line":430,"column":24}},{"start":{"line":430,"column":28},"end":{"line":462,"column":20}}],"line":430},"35":{"loc":{"start":{"line":446,"column":25},"end":{"line":452,"column":25}},"type":"cond-expr","locations":[{"start":{"line":447,"column":26},"end":{"line":447,"column":109}},{"start":{"line":448,"column":28},"end":{"line":452,"column":25}}],"line":446},"36":{"loc":{"start":{"line":448,"column":28},"end":{"line":452,"column":25}},"type":"cond-expr","locations":[{"start":{"line":449,"column":26},"end":{"line":449,"column":111}},{"start":{"line":451,"column":26},"end":{"line":451,"column":112}}],"line":448},"37":{"loc":{"start":{"line":471,"column":7},"end":{"line":554,"column":7}},"type":"binary-expr","locations":[{"start":{"line":471,"column":7},"end":{"line":471,"column":28}},{"start":{"line":472,"column":8},"end":{"line":553,"column":14}}],"line":471},"38":{"loc":{"start":{"line":480,"column":11},"end":{"line":552,"column":11}},"type":"cond-expr","locations":[{"start":{"line":481,"column":12},"end":{"line":484,"column":18}},{"start":{"line":486,"column":12},"end":{"line":551,"column":18}}],"line":480},"39":{"loc":{"start":{"line":514,"column":19},"end":{"line":548,"column":20}},"type":"binary-expr","locations":[{"start":{"line":514,"column":19},"end":{"line":514,"column":24}},{"start":{"line":514,"column":28},"end":{"line":548,"column":20}}],"line":514},"40":{"loc":{"start":{"line":531,"column":25},"end":{"line":535,"column":25}},"type":"cond-expr","locations":[{"start":{"line":532,"column":26},"end":{"line":532,"column":114}},{"start":{"line":534,"column":26},"end":{"line":534,"column":115}}],"line":531},"41":{"loc":{"start":{"line":538,"column":25},"end":{"line":538,"column":47}},"type":"binary-expr","locations":[{"start":{"line":538,"column":25},"end":{"line":538,"column":38}},{"start":{"line":538,"column":42},"end":{"line":538,"column":47}}],"line":538},"42":{"loc":{"start":{"line":557,"column":7},"end":{"line":842,"column":7}},"type":"binary-expr","locations":[{"start":{"line":557,"column":7},"end":{"line":557,"column":30}},{"start":{"line":558,"column":8},"end":{"line":841,"column":14}}],"line":557},"43":{"loc":{"start":{"line":571,"column":17},"end":{"line":571,"column":55}},"type":"cond-expr","locations":[{"start":{"line":571,"column":31},"end":{"line":571,"column":42}},{"start":{"line":571,"column":45},"end":{"line":571,"column":55}}],"line":571},"44":{"loc":{"start":{"line":575,"column":13},"end":{"line":626,"column":13}},"type":"binary-expr","locations":[{"start":{"line":575,"column":13},"end":{"line":575,"column":24}},{"start":{"line":576,"column":14},"end":{"line":625,"column":20}}],"line":575},"45":{"loc":{"start":{"line":592,"column":17},"end":{"line":607,"column":17}},"type":"binary-expr","locations":[{"start":{"line":592,"column":17},"end":{"line":592,"column":44}},{"start":{"line":593,"column":18},"end":{"line":606,"column":24}}],"line":592},"46":{"loc":{"start":{"line":609,"column":17},"end":{"line":624,"column":17}},"type":"binary-expr","locations":[{"start":{"line":609,"column":17},"end":{"line":609,"column":46}},{"start":{"line":610,"column":18},"end":{"line":623,"column":24}}],"line":609},"47":{"loc":{"start":{"line":631,"column":13},"end":{"line":693,"column":13}},"type":"cond-expr","locations":[{"start":{"line":632,"column":14},"end":{"line":635,"column":20}},{"start":{"line":636,"column":16},"end":{"line":693,"column":13}}],"line":631},"48":{"loc":{"start":{"line":631,"column":13},"end":{"line":631,"column":45}},"type":"binary-expr","locations":[{"start":{"line":631,"column":13},"end":{"line":631,"column":27}},{"start":{"line":631,"column":31},"end":{"line":631,"column":45}}],"line":631},"49":{"loc":{"start":{"line":636,"column":16},"end":{"line":693,"column":13}},"type":"cond-expr","locations":[{"start":{"line":637,"column":14},"end":{"line":639,"column":20}},{"start":{"line":641,"column":14},"end":{"line":692,"column":20}}],"line":636},"50":{"loc":{"start":{"line":670,"column":29},"end":{"line":680,"column":29}},"type":"cond-expr","locations":[{"start":{"line":671,"column":30},"end":{"line":677,"column":35}},{"start":{"line":679,"column":30},"end":{"line":679,"column":74}}],"line":670},"51":{"loc":{"start":{"line":698,"column":13},"end":{"line":767,"column":13}},"type":"cond-expr","locations":[{"start":{"line":699,"column":14},"end":{"line":702,"column":20}},{"start":{"line":703,"column":16},"end":{"line":767,"column":13}}],"line":698},"52":{"loc":{"start":{"line":698,"column":13},"end":{"line":698,"column":48}},"type":"binary-expr","locations":[{"start":{"line":698,"column":13},"end":{"line":698,"column":30}},{"start":{"line":698,"column":34},"end":{"line":698,"column":48}}],"line":698},"53":{"loc":{"start":{"line":703,"column":16},"end":{"line":767,"column":13}},"type":"cond-expr","locations":[{"start":{"line":704,"column":14},"end":{"line":706,"column":20}},{"start":{"line":708,"column":14},"end":{"line":766,"column":20}}],"line":703},"54":{"loc":{"start":{"line":772,"column":13},"end":{"line":839,"column":13}},"type":"cond-expr","locations":[{"start":{"line":773,"column":14},"end":{"line":776,"column":20}},{"start":{"line":777,"column":16},"end":{"line":839,"column":13}}],"line":772},"55":{"loc":{"start":{"line":772,"column":13},"end":{"line":772,"column":45}},"type":"binary-expr","locations":[{"start":{"line":772,"column":13},"end":{"line":772,"column":27}},{"start":{"line":772,"column":31},"end":{"line":772,"column":45}}],"line":772},"56":{"loc":{"start":{"line":777,"column":16},"end":{"line":839,"column":13}},"type":"cond-expr","locations":[{"start":{"line":778,"column":14},"end":{"line":780,"column":20}},{"start":{"line":782,"column":14},"end":{"line":838,"column":20}}],"line":777},"57":{"loc":{"start":{"line":806,"column":29},"end":{"line":806,"column":92}},"type":"binary-expr","locations":[{"start":{"line":806,"column":29},"end":{"line":806,"column":40}},{"start":{"line":806,"column":44},"end":{"line":806,"column":92}}],"line":806},"58":{"loc":{"start":{"line":807,"column":29},"end":{"line":807,"column":90}},"type":"binary-expr","locations":[{"start":{"line":807,"column":29},"end":{"line":807,"column":40}},{"start":{"line":807,"column":44},"end":{"line":807,"column":90}}],"line":807},"59":{"loc":{"start":{"line":808,"column":29},"end":{"line":808,"column":91}},"type":"binary-expr","locations":[{"start":{"line":808,"column":29},"end":{"line":808,"column":40}},{"start":{"line":808,"column":44},"end":{"line":808,"column":91}}],"line":808},"60":{"loc":{"start":{"line":819,"column":29},"end":{"line":821,"column":29}},"type":"binary-expr","locations":[{"start":{"line":819,"column":29},"end":{"line":819,"column":38}},{"start":{"line":819,"column":42},"end":{"line":819,"column":102}},{"start":{"line":820,"column":30},"end":{"line":820,"column":98}}],"line":819},"61":{"loc":{"start":{"line":822,"column":29},"end":{"line":824,"column":29}},"type":"binary-expr","locations":[{"start":{"line":822,"column":29},"end":{"line":822,"column":38}},{"start":{"line":822,"column":42},"end":{"line":822,"column":102}},{"start":{"line":823,"column":30},"end":{"line":823,"column":98}}],"line":822},"62":{"loc":{"start":{"line":828,"column":27},"end":{"line":832,"column":27}},"type":"cond-expr","locations":[{"start":{"line":829,"column":28},"end":{"line":829,"column":116}},{"start":{"line":831,"column":28},"end":{"line":831,"column":117}}],"line":828}},"s":{"0":0,"1":0,"2":0,"3":0,"4":0,"5":0,"6":0,"7":0,"8":0,"9":0,"10":0,"11":0,"12":0,"13":0,"14":0,"15":0,"16":0,"17":0,"18":0,"19":0,"20":0,"21":0,"22":0,"23":0,"24":0,"25":0,"26":0,"27":0,"28":0,"29":0,"30":0,"31":0,"32":0,"33":0,"34":0,"35":0,"36":0,"37":0,"38":0,"39":0,"40":0,"41":0,"42":0,"43":0,"44":0,"45":0,"46":0,"47":0,"48":0,"49":0,"50":0,"51":0,"52":0,"53":0,"54":0,"55":0,"56":0,"57":0,"58":0,"59":0,"60":0,"61":0,"62":0,"63":0,"64":0,"65":0,"66":0,"67":0,"68":0,"69":0,"70":0,"71":0,"72":0,"73":0,"74":0,"75":0,"76":0,"77":0,"78":0,"79":0,"80":0,"81":0,"82":0,"83":0,"84":0,"85":0,"86":0,"87":0,"88":0,"89":0,"90":0,"91":0,"92":0,"93":0,"94":0,"95":0,"96":0,"97":0,"98":0,"99":0,"100":0,"101":0,"102":0,"103":0,"104":0,"105":0,"106":0,"107":0,"108":0,"109":0,"110":0,"111":0,"112":0,"113":0,"114":0,"115":0,"116":0,"117":0,"118":0,"119":0,"120":0,"121":0,"122":0,"123":0,"124":0,"125":0,"126":0,"127":0},"f":{"0":0,"1":0,"2":0,"3":0,"4":0,"5":0,"6":0,"7":0,"8":0,"9":0,"10":0,"11":0,"12":0,"13":0,"14":0,"15":0,"16":0,"17":0,"18":0,"19":0,"20":0,"21":0,"22":0,"23":0,"24":0,"25":0,"26":0,"27":0,"28":0,"29":0,"30":0,"31":0,"32":0,"33":0,"34":0,"35":0,"36":0,"37":0,"38":0,"39":0,"40":0,"41":0,"42":0,"43":0,"44":0,"45":0,"46":0,"47":0,"48":0,"49":0,"50":0,"51":0,"52":0,"53":0,"54":0},"b":{"0":[0,0],"1":[0,0],"2":[0,0],"3":[0,0],"4":[0,0],"5":[0,0],"6":[0,0],"7":[0,0],"8":[0,0],"9":[0,0],"10":[0,0],"11":[0,0],"12":[0,0,0,0],"13":[0,0],"14":[0,0],"15":[0,0],"16":[0,0],"17":[0,0],"18":[0,0],"19":[0,0],"20":[0,0],"21":[0,0],"22":[0,0],"23":[0,0],"24":[0,0],"25":[0,0],"26":[0,0],"27":[0,0],"28":[0,0],"29":[0,0],"30":[0,0],"31":[0,0],"32":[0,0],"33":[0,0],"34":[0,0],"35":[0,0],"36":[0,0],"37":[0,0],"38":[0,0],"39":[0,0],"40":[0,0],"41":[0,0],"42":[0,0],"43":[0,0],"44":[0,0],"45":[0,0],"46":[0,0],"47":[0,0],"48":[0,0],"49":[0,0],"50":[0,0],"51":[0,0],"52":[0,0],"53":[0,0],"54":[0,0],"55":[0,0],"56":[0,0],"57":[0,0],"58":[0,0],"59":[0,0],"60":[0,0,0],"61":[0,0,0],"62":[0,0]}}
,"/Users/hondatakahiro/開発環境/ホンダナ/team_library/library-management-system/frontend/src/app/books/page.tsx": {"path":"/Users/hondatakahiro/開発環境/ホンダナ/team_library/library-management-system/frontend/src/app/books/page.tsx","statementMap":{"0":{"start":{"line":13,"column":32},"end":{"line":18,"column":4}},"1":{"start":{"line":21,"column":40},"end":{"line":21,"column":54}},"2":{"start":{"line":24,"column":44},"end":{"line":32,"column":4}},"3":{"start":{"line":26,"column":19},"end":{"line":31,"column":6}},"4":{"start":{"line":35,"column":29},"end":{"line":37,"column":3}},"5":{"start":{"line":36,"column":4},"end":{"line":36,"column":52}},"6":{"start":{"line":36,"column":24},"end":{"line":36,"column":50}},"7":{"start":{"line":39,"column":2},"end":{"line":119,"column":3}},"8":{"start":{"line":59,"column":25},"end":{"line":59,"column":53}},"9":{"start":{"line":87,"column":31},"end":{"line":87,"column":55}},"10":{"start":{"line":103,"column":18},"end":{"line":108,"column":21}}},"fnMap":{"0":{"name":"BooksPage","decl":{"start":{"line":11,"column":24},"end":{"line":11,"column":33}},"loc":{"start":{"line":11,"column":36},"end":{"line":120,"column":1}},"line":11},"1":{"name":"(anonymous_1)","decl":{"start":{"line":26,"column":13},"end":{"line":26,"column":14}},"loc":{"start":{"line":26,"column":19},"end":{"line":31,"column":6}},"line":26},"2":{"name":"(anonymous_2)","decl":{"start":{"line":35,"column":29},"end":{"line":35,"column":30}},"loc":{"start":{"line":35,"column":70},"end":{"line":37,"column":3}},"line":35},"3":{"name":"(anonymous_3)","decl":{"start":{"line":36,"column":15},"end":{"line":36,"column":16}},"loc":{"start":{"line":36,"column":24},"end":{"line":36,"column":50}},"line":36},"4":{"name":"(anonymous_4)","decl":{"start":{"line":59,"column":19},"end":{"line":59,"column":20}},"loc":{"start":{"line":59,"column":25},"end":{"line":59,"column":53}},"line":59},"5":{"name":"(anonymous_5)","decl":{"start":{"line":87,"column":25},"end":{"line":87,"column":26}},"loc":{"start":{"line":87,"column":31},"end":{"line":87,"column":55}},"line":87},"6":{"name":"(anonymous_6)","decl":{"start":{"line":102,"column":25},"end":{"line":102,"column":26}},"loc":{"start":{"line":102,"column":31},"end":{"line":109,"column":17}},"line":102}},"branchMap":{"0":{"loc":{"start":{"line":27,"column":13},"end":{"line":27,"column":39}},"type":"binary-expr","locations":[{"start":{"line":27,"column":13},"end":{"line":27,"column":26}},{"start":{"line":27,"column":30},"end":{"line":27,"column":39}}],"line":27},"1":{"loc":{"start":{"line":28,"column":14},"end":{"line":28,"column":41}},"type":"binary-expr","locations":[{"start":{"line":28,"column":14},"end":{"line":28,"column":28}},{"start":{"line":28,"column":32},"end":{"line":28,"column":41}}],"line":28},"2":{"loc":{"start":{"line":29,"column":16},"end":{"line":29,"column":45}},"type":"binary-expr","locations":[{"start":{"line":29,"column":16},"end":{"line":29,"column":32}},{"start":{"line":29,"column":36},"end":{"line":29,"column":45}}],"line":29},"3":{"loc":{"start":{"line":63,"column":17},"end":{"line":63,"column":55}},"type":"cond-expr","locations":[{"start":{"line":63,"column":31},"end":{"line":63,"column":42}},{"start":{"line":63,"column":45},"end":{"line":63,"column":55}}],"line":63},"4":{"loc":{"start":{"line":69,"column":41},"end":{"line":69,"column":73}},"type":"binary-expr","locations":[{"start":{"line":69,"column":41},"end":{"line":69,"column":52}},{"start":{"line":69,"column":56},"end":{"line":69,"column":73}}],"line":69},"5":{"loc":{"start":{"line":78,"column":11},"end":{"line":115,"column":11}},"type":"cond-expr","locations":[{"start":{"line":79,"column":12},"end":{"line":82,"column":18}},{"start":{"line":83,"column":14},"end":{"line":115,"column":11}}],"line":78},"6":{"loc":{"start":{"line":83,"column":14},"end":{"line":115,"column":11}},"type":"cond-expr","locations":[{"start":{"line":84,"column":12},"end":{"line":92,"column":18}},{"start":{"line":93,"column":14},"end":{"line":115,"column":11}}],"line":83},"7":{"loc":{"start":{"line":93,"column":14},"end":{"line":115,"column":11}},"type":"cond-expr","locations":[{"start":{"line":94,"column":12},"end":{"line":97,"column":15}},{"start":{"line":99,"column":12},"end":{"line":114,"column":18}}],"line":93},"8":{"loc":{"start":{"line":93,"column":14},"end":{"line":93,"column":39}},"type":"binary-expr","locations":[{"start":{"line":93,"column":14},"end":{"line":93,"column":19}},{"start":{"line":93,"column":23},"end":{"line":93,"column":39}}],"line":93}},"s":{"0":0,"1":0,"2":0,"3":0,"4":0,"5":0,"6":0,"7":0,"8":0,"9":0,"10":0},"f":{"0":0,"1":0,"2":0,"3":0,"4":0,"5":0,"6":0},"b":{"0":[0,0],"1":[0,0],"2":[0,0],"3":[0,0],"4":[0,0],"5":[0,0],"6":[0,0],"7":[0,0],"8":[0,0]}}
,"/Users/hondatakahiro/開発環境/ホンダナ/team_library/library-management-system/frontend/src/app/books/[id]/page.tsx": {"path":"/Users/hondatakahiro/開発環境/ホンダナ/team_library/library-management-system/frontend/src/app/books/[id]/page.tsx","statementMap":{"0":{"start":{"line":32,"column":19},"end":{"line":44,"column":1}},"1":{"start":{"line":33,"column":2},"end":{"line":33,"column":33}},"2":{"start":{"line":33,"column":19},"end":{"line":33,"column":33}},"3":{"start":{"line":35,"column":15},"end":{"line":35,"column":35}},"4":{"start":{"line":36,"column":2},"end":{"line":36,"column":36}},"5":{"start":{"line":36,"column":22},"end":{"line":36,"column":36}},"6":{"start":{"line":38,"column":2},"end":{"line":43,"column":3}},"7":{"start":{"line":39,"column":4},"end":{"line":39,"column":51}},"8":{"start":{"line":41,"column":4},"end":{"line":41,"column":51}},"9":{"start":{"line":42,"column":4},"end":{"line":42,"column":18}},"10":{"start":{"line":47,"column":17},"end":{"line":47,"column":28}},"11":{"start":{"line":48,"column":17},"end":{"line":48,"column":28}},"12":{"start":{"line":49,"column":17},"end":{"line":49,"column":34}},"13":{"start":{"line":50,"column":40},"end":{"line":50,"column":55}},"14":{"start":{"line":51,"column":40},"end":{"line":51,"column":55}},"15":{"start":{"line":52,"column":26},"end":{"line":52,"column":45}},"16":{"start":{"line":53,"column":32},"end":{"line":53,"column":46}},"17":{"start":{"line":54,"column":50},"end":{"line":54,"column":61}},"18":{"start":{"line":55,"column":28},"end":{"line":55,"column":40}},"19":{"start":{"line":58,"column":24},"end":{"line":58,"column":25}},"20":{"start":{"line":60,"column":2},"end":{"line":85,"column":17}},"21":{"start":{"line":61,"column":26},"end":{"line":82,"column":5}},"22":{"start":{"line":62,"column":6},"end":{"line":62,"column":28}},"23":{"start":{"line":62,"column":22},"end":{"line":62,"column":28}},"24":{"start":{"line":64,"column":6},"end":{"line":81,"column":7}},"25":{"start":{"line":65,"column":8},"end":{"line":65,"column":24}},"26":{"start":{"line":66,"column":25},"end":{"line":66,"column":70}},"27":{"start":{"line":67,"column":8},"end":{"line":67,"column":25}},"28":{"start":{"line":70,"column":8},"end":{"line":75,"column":9}},"29":{"start":{"line":71,"column":24},"end":{"line":71,"column":81}},"30":{"start":{"line":72,"column":10},"end":{"line":72,"column":36}},"31":{"start":{"line":74,"column":10},"end":{"line":74,"column":48}},"32":{"start":{"line":77,"column":8},"end":{"line":77,"column":45}},"33":{"start":{"line":78,"column":8},"end":{"line":78,"column":36}},"34":{"start":{"line":80,"column":8},"end":{"line":80,"column":25}},"35":{"start":{"line":84,"column":4},"end":{"line":84,"column":19}},"36":{"start":{"line":91,"column":6},"end":{"line":95,"column":4}},"37":{"start":{"line":93,"column":19},"end":{"line":93,"column":66}},"38":{"start":{"line":98,"column":23},"end":{"line":112,"column":3}},"39":{"start":{"line":99,"column":4},"end":{"line":99,"column":43}},"40":{"start":{"line":99,"column":37},"end":{"line":99,"column":43}},"41":{"start":{"line":101,"column":4},"end":{"line":101,"column":24}},"42":{"start":{"line":102,"column":4},"end":{"line":111,"column":5}},"43":{"start":{"line":103,"column":6},"end":{"line":103,"column":54}},"44":{"start":{"line":104,"column":6},"end":{"line":104,"column":23}},"45":{"start":{"line":105,"column":6},"end":{"line":105,"column":30}},"46":{"start":{"line":107,"column":6},"end":{"line":107,"column":36}},"47":{"start":{"line":108,"column":6},"end":{"line":108,"column":26}},"48":{"start":{"line":110,"column":6},"end":{"line":110,"column":27}},"49":{"start":{"line":115,"column":24},"end":{"line":141,"column":3}},"50":{"start":{"line":116,"column":4},"end":{"line":116,"column":21}},"51":{"start":{"line":116,"column":15},"end":{"line":116,"column":21}},"52":{"start":{"line":119,"column":4},"end":{"line":122,"column":5}},"53":{"start":{"line":120,"column":6},"end":{"line":120,"column":45}},"54":{"start":{"line":121,"column":6},"end":{"line":121,"column":12}},"55":{"start":{"line":124,"column":4},"end":{"line":124,"column":24}},"56":{"start":{"line":125,"column":4},"end":{"line":140,"column":5}},"57":{"start":{"line":126,"column":6},"end":{"line":126,"column":103}},"58":{"start":{"line":127,"column":6},"end":{"line":127,"column":62}},"59":{"start":{"line":128,"column":6},"end":{"line":128,"column":24}},"60":{"start":{"line":129,"column":6},"end":{"line":129,"column":30}},"61":{"start":{"line":131,"column":6},"end":{"line":131,"column":36}},"62":{"start":{"line":133,"column":6},"end":{"line":137,"column":7}},"63":{"start":{"line":134,"column":8},"end":{"line":134,"column":59}},"64":{"start":{"line":136,"column":8},"end":{"line":136,"column":54}},"65":{"start":{"line":139,"column":6},"end":{"line":139,"column":27}},"66":{"start":{"line":144,"column":24},"end":{"line":144,"column":50}},"67":{"start":{"line":146,"column":2},"end":{"line":148,"column":3}},"68":{"start":{"line":147,"column":4},"end":{"line":147,"column":29}},"69":{"start":{"line":150,"column":2},"end":{"line":163,"column":3}},"70":{"start":{"line":151,"column":4},"end":{"line":162,"column":5}},"71":{"start":{"line":156,"column":25},"end":{"line":156,"column":46}},"72":{"start":{"line":165,"column":2},"end":{"line":311,"column":3}},"73":{"start":{"line":188,"column":35},"end":{"line":188,"column":63}},"74":{"start":{"line":189,"column":20},"end":{"line":189,"column":64}},"75":{"start":{"line":288,"column":20},"end":{"line":288,"column":54}}},"fnMap":{"0":{"name":"(anonymous_0)","decl":{"start":{"line":32,"column":19},"end":{"line":32,"column":20}},"loc":{"start":{"line":32,"column":97},"end":{"line":44,"column":1}},"line":32},"1":{"name":"BookDetailPage","decl":{"start":{"line":46,"column":24},"end":{"line":46,"column":38}},"loc":{"start":{"line":46,"column":41},"end":{"line":312,"column":1}},"line":46},"2":{"name":"(anonymous_2)","decl":{"start":{"line":60,"column":12},"end":{"line":60,"column":13}},"loc":{"start":{"line":60,"column":18},"end":{"line":85,"column":3}},"line":60},"3":{"name":"(anonymous_3)","decl":{"start":{"line":61,"column":26},"end":{"line":61,"column":27}},"loc":{"start":{"line":61,"column":38},"end":{"line":82,"column":5}},"line":61},"4":{"name":"(anonymous_4)","decl":{"start":{"line":93,"column":13},"end":{"line":93,"column":14}},"loc":{"start":{"line":93,"column":19},"end":{"line":93,"column":66}},"line":93},"5":{"name":"(anonymous_5)","decl":{"start":{"line":98,"column":23},"end":{"line":98,"column":24}},"loc":{"start":{"line":98,"column":35},"end":{"line":112,"column":3}},"line":98},"6":{"name":"(anonymous_6)","decl":{"start":{"line":115,"column":24},"end":{"line":115,"column":25}},"loc":{"start":{"line":115,"column":36},"end":{"line":141,"column":3}},"line":115},"7":{"name":"(anonymous_7)","decl":{"start":{"line":156,"column":19},"end":{"line":156,"column":20}},"loc":{"start":{"line":156,"column":25},"end":{"line":156,"column":46}},"line":156},"8":{"name":"(anonymous_8)","decl":{"start":{"line":186,"column":27},"end":{"line":186,"column":28}},"loc":{"start":{"line":186,"column":34},"end":{"line":190,"column":19}},"line":186},"9":{"name":"(anonymous_9)","decl":{"start":{"line":287,"column":33},"end":{"line":287,"column":34}},"loc":{"start":{"line":288,"column":20},"end":{"line":288,"column":54}},"line":288}},"branchMap":{"0":{"loc":{"start":{"line":32,"column":59},"end":{"line":32,"column":92}},"type":"default-arg","locations":[{"start":{"line":32,"column":79},"end":{"line":32,"column":92}}],"line":32},"1":{"loc":{"start":{"line":33,"column":2},"end":{"line":33,"column":33}},"type":"if","locations":[{"start":{"line":33,"column":2},"end":{"line":33,"column":33}},{"start":{},"end":{}}],"line":33},"2":{"loc":{"start":{"line":36,"column":2},"end":{"line":36,"column":36}},"type":"if","locations":[{"start":{"line":36,"column":2},"end":{"line":36,"column":36}},{"start":{},"end":{}}],"line":36},"3":{"loc":{"start":{"line":62,"column":6},"end":{"line":62,"column":28}},"type":"if","locations":[{"start":{"line":62,"column":6},"end":{"line":62,"column":28}},{"start":{},"end":{}}],"line":62},"4":{"loc":{"start":{"line":94,"column":13},"end":{"line":94,"column":53}},"type":"binary-expr","locations":[{"start":{"line":94,"column":13},"end":{"line":94,"column":21}},{"start":{"line":94,"column":25},"end":{"line":94,"column":31}},{"start":{"line":94,"column":35},"end":{"line":94,"column":53}}],"line":94},"5":{"loc":{"start":{"line":99,"column":4},"end":{"line":99,"column":43}},"type":"if","locations":[{"start":{"line":99,"column":4},"end":{"line":99,"column":43}},{"start":{},"end":{}}],"line":99},"6":{"loc":{"start":{"line":99,"column":8},"end":{"line":99,"column":35}},"type":"binary-expr","locations":[{"start":{"line":99,"column":8},"end":{"line":99,"column":13}},{"start":{"line":99,"column":17},"end":{"line":99,"column":35}}],"line":99},"7":{"loc":{"start":{"line":116,"column":4},"end":{"line":116,"column":21}},"type":"if","locations":[{"start":{"line":116,"column":4},"end":{"line":116,"column":21}},{"start":{},"end":{}}],"line":116},"8":{"loc":{"start":{"line":119,"column":4},"end":{"line":122,"column":5}},"type":"if","locations":[{"start":{"line":119,"column":4},"end":{"line":122,"column":5}},{"start":{},"end":{}}],"line":119},"9":{"loc":{"start":{"line":133,"column":6},"end":{"line":137,"column":7}},"type":"if","locations":[{"start":{"line":133,"column":6},"end":{"line":137,"column":7}},{"start":{"line":135,"column":13},"end":{"line":137,"column":7}}],"line":133},"10":{"loc":{"start":{"line":133,"column":10},"end":{"line":133,"column":77}},"type":"binary-expr","locations":[{"start":{"line":133,"column":10},"end":{"line":133,"column":24}},{"start":{"line":133,"column":28},"end":{"line":133,"column":47}},{"start":{"line":133,"column":51},"end":{"line":133,"column":77}}],"line":133},"11":{"loc":{"start":{"line":146,"column":2},"end":{"line":148,"column":3}},"type":"if","locations":[{"start":{"line":146,"column":2},"end":{"line":148,"column":3}},{"start":{},"end":{}}],"line":146},"12":{"loc":{"start":{"line":150,"column":2},"end":{"line":163,"column":3}},"type":"if","locations":[{"start":{"line":150,"column":2},"end":{"line":163,"column":3}},{"start":{},"end":{}}],"line":150},"13":{"loc":{"start":{"line":150,"column":6},"end":{"line":150,"column":20}},"type":"binary-expr","locations":[{"start":{"line":150,"column":6},"end":{"line":150,"column":11}},{"start":{"line":150,"column":15},"end":{"line":150,"column":20}}],"line":150},"14":{"loc":{"start":{"line":154,"column":43},"end":{"line":154,"column":67}},"type":"binary-expr","locations":[{"start":{"line":154,"column":43},"end":{"line":154,"column":48}},{"start":{"line":154,"column":52},"end":{"line":154,"column":67}}],"line":154},"15":{"loc":{"start":{"line":179,"column":13},"end":{"line":197,"column":13}},"type":"cond-expr","locations":[{"start":{"line":180,"column":14},"end":{"line":192,"column":20}},{"start":{"line":194,"column":14},"end":{"line":196,"column":20}}],"line":179},"16":{"loc":{"start":{"line":202,"column":15},"end":{"line":210,"column":15}},"type":"binary-expr","locations":[{"start":{"line":202,"column":15},"end":{"line":202,"column":32}},{"start":{"line":203,"column":16},"end":{"line":209,"column":18}}],"line":202},"17":{"loc":{"start":{"line":213,"column":15},"end":{"line":219,"column":15}},"type":"binary-expr","locations":[{"start":{"line":213,"column":15},"end":{"line":213,"column":33}},{"start":{"line":214,"column":16},"end":{"line":218,"column":18}}],"line":213},"18":{"loc":{"start":{"line":232,"column":48},"end":{"line":232,"column":72}},"type":"binary-expr","locations":[{"start":{"line":232,"column":48},"end":{"line":232,"column":62}},{"start":{"line":232,"column":66},"end":{"line":232,"column":72}}],"line":232},"19":{"loc":{"start":{"line":241,"column":48},"end":{"line":241,"column":67}},"type":"binary-expr","locations":[{"start":{"line":241,"column":48},"end":{"line":241,"column":57}},{"start":{"line":241,"column":61},"end":{"line":241,"column":67}}],"line":241},"20":{"loc":{"start":{"line":250,"column":48},"end":{"line":250,"column":79}},"type":"binary-expr","locations":[{"start":{"line":250,"column":48},"end":{"line":250,"column":69}},{"start":{"line":250,"column":73},"end":{"line":250,"column":79}}],"line":250},"21":{"loc":{"start":{"line":259,"column":48},"end":{"line":259,"column":71}},"type":"binary-expr","locations":[{"start":{"line":259,"column":48},"end":{"line":259,"column":61}},{"start":{"line":259,"column":65},"end":{"line":259,"column":71}}],"line":259},"22":{"loc":{"start":{"line":268,"column":48},"end":{"line":268,"column":71}},"type":"binary-expr","locations":[{"start":{"line":268,"column":48},"end":{"line":268,"column":61}},{"start":{"line":268,"column":65},"end":{"line":268,"column":71}}],"line":268},"23":{"loc":{"start":{"line":277,"column":48},"end":{"line":277,"column":103}},"type":"cond-expr","locations":[{"start":{"line":277,"column":66},"end":{"line":277,"column":94}},{"start":{"line":277,"column":97},"end":{"line":277,"column":103}}],"line":277},"24":{"loc":{"start":{"line":283,"column":13},"end":{"line":292,"column":13}},"type":"binary-expr","locations":[{"start":{"line":283,"column":13},"end":{"line":283,"column":22}},{"start":{"line":283,"column":26},"end":{"line":283,"column":46}},{"start":{"line":284,"column":14},"end":{"line":291,"column":20}}],"line":283},"25":{"loc":{"start":{"line":297,"column":64},"end":{"line":297,"column":94}},"type":"binary-expr","locations":[{"start":{"line":297,"column":64},"end":{"line":297,"column":80}},{"start":{"line":297,"column":84},"end":{"line":297,"column":94}}],"line":297},"26":{"loc":{"start":{"line":301,"column":13},"end":{"line":306,"column":13}},"type":"binary-expr","locations":[{"start":{"line":301,"column":13},"end":{"line":301,"column":31}},{"start":{"line":302,"column":14},"end":{"line":305,"column":20}}],"line":301}},"s":{"0":0,"1":0,"2":0,"3":0,"4":0,"5":0,"6":0,"7":0,"8":0,"9":0,"10":0,"11":0,"12":0,"13":0,"14":0,"15":0,"16":0,"17":0,"18":0,"19":0,"20":0,"21":0,"22":0,"23":0,"24":0,"25":0,"26":0,"27":0,"28":0,"29":0,"30":0,"31":0,"32":0,"33":0,"34":0,"35":0,"36":0,"37":0,"38":0,"39":0,"40":0,"41":0,"42":0,"43":0,"44":0,"45":0,"46":0,"47":0,"48":0,"49":0,"50":0,"51":0,"52":0,"53":0,"54":0,"55":0,"56":0,"57":0,"58":0,"59":0,"60":0,"61":0,"62":0,"63":0,"64":0,"65":0,"66":0,"67":0,"68":0,"69":0,"70":0,"71":0,"72":0,"73":0,"74":0,"75":0},"f":{"0":0,"1":0,"2":0,"3":0,"4":0,"5":0,"6":0,"7":0,"8":0,"9":0},"b":{"0":[0],"1":[0,0],"2":[0,0],"3":[0,0],"4":[0,0,0],"5":[0,0],"6":[0,0],"7":[0,0],"8":[0,0],"9":[0,0],"10":[0,0,0],"11":[0,0],"12":[0,0],"13":[0,0],"14":[0,0],"15":[0,0],"16":[0,0],"17":[0,0],"18":[0,0],"19":[0,0],"20":[0,0],"21":[0,0],"22":[0,0],"23":[0,0],"24":[0,0,0],"25":[0,0],"26":[0,0]}}
,"/Users/hondatakahiro/開発環境/ホンダナ/team_library/library-management-system/frontend/src/app/books/import/page.tsx": {"path":"/Users/hondatakahiro/開発環境/ホンダナ/team_library/library-management-system/frontend/src/app/books/import/page.tsx","statementMap":{"0":{"start":{"line":6,"column":2},"end":{"line":37,"column":3}}},"fnMap":{"0":{"name":"BookImportPage","decl":{"start":{"line":5,"column":24},"end":{"line":5,"column":38}},"loc":{"start":{"line":5,"column":41},"end":{"line":38,"column":1}},"line":5}},"branchMap":{},"s":{"0":0},"f":{"0":0},"b":{}}
,"/Users/hondatakahiro/開発環境/ホンダナ/team_library/library-management-system/frontend/src/app/login/page.tsx": {"path":"/Users/hondatakahiro/開発環境/ホンダナ/team_library/library-management-system/frontend/src/app/login/page.tsx","statementMap":{"0":{"start":{"line":9,"column":17},"end":{"line":9,"column":28}},"1":{"start":{"line":10,"column":31},"end":{"line":10,"column":45}},"2":{"start":{"line":11,"column":34},"end":{"line":14,"column":4}},"3":{"start":{"line":15,"column":28},"end":{"line":15,"column":48}},"4":{"start":{"line":17,"column":23},"end":{"line":30,"column":3}},"5":{"start":{"line":18,"column":4},"end":{"line":18,"column":23}},"6":{"start":{"line":19,"column":4},"end":{"line":19,"column":17}},"7":{"start":{"line":21,"column":4},"end":{"line":29,"column":5}},"8":{"start":{"line":22,"column":6},"end":{"line":22,"column":28}},"9":{"start":{"line":23,"column":6},"end":{"line":23,"column":23}},"10":{"start":{"line":25,"column":6},"end":{"line":28,"column":8}},"11":{"start":{"line":32,"column":23},"end":{"line":37,"column":3}},"12":{"start":{"line":33,"column":4},"end":{"line":36,"column":7}},"13":{"start":{"line":39,"column":2},"end":{"line":116,"column":4}}},"fnMap":{"0":{"name":"LoginPage","decl":{"start":{"line":8,"column":24},"end":{"line":8,"column":33}},"loc":{"start":{"line":8,"column":36},"end":{"line":117,"column":1}},"line":8},"1":{"name":"(anonymous_1)","decl":{"start":{"line":17,"column":23},"end":{"line":17,"column":24}},"loc":{"start":{"line":17,"column":53},"end":{"line":30,"column":3}},"line":17},"2":{"name":"(anonymous_2)","decl":{"start":{"line":32,"column":23},"end":{"line":32,"column":24}},"loc":{"start":{"line":32,"column":67},"end":{"line":37,"column":3}},"line":32}},"branchMap":{"0":{"loc":{"start":{"line":26,"column":8},"end":{"line":27,"column":45}},"type":"binary-expr","locations":[{"start":{"line":26,"column":8},"end":{"line":26,"column":36}},{"start":{"line":27,"column":8},"end":{"line":27,"column":45}}],"line":26},"1":{"loc":{"start":{"line":86,"column":11},"end":{"line":90,"column":11}},"type":"binary-expr","locations":[{"start":{"line":86,"column":11},"end":{"line":86,"column":16}},{"start":{"line":87,"column":12},"end":{"line":89,"column":18}}],"line":86},"2":{"loc":{"start":{"line":98,"column":15},"end":{"line":98,"column":46}},"type":"cond-expr","locations":[{"start":{"line":98,"column":27},"end":{"line":98,"column":37}},{"start":{"line":98,"column":40},"end":{"line":98,"column":46}}],"line":98}},"s":{"0":0,"1":0,"2":0,"3":0,"4":0,"5":0,"6":0,"7":0,"8":0,"9":0,"10":0,"11":0,"12":0,"13":0},"f":{"0":0,"1":0,"2":0},"b":{"0":[0,0],"1":[0,0],"2":[0,0]}}
,"/Users/hondatakahiro/開発環境/ホンダナ/team_library/library-management-system/frontend/src/app/mypage/page.tsx": {"path":"/Users/hondatakahiro/開発環境/ホンダナ/team_library/library-management-system/frontend/src/app/mypage/page.tsx","statementMap":{"0":{"start":{"line":21,"column":17},"end":{"line":21,"column":18}},"1":{"start":{"line":23,"column":26},"end":{"line":23,"column":45}},"2":{"start":{"line":24,"column":40},"end":{"line":24,"column":59}},"3":{"start":{"line":25,"column":42},"end":{"line":25,"column":61}},"4":{"start":{"line":26,"column":50},"end":{"line":26,"column":69}},"5":{"start":{"line":27,"column":32},"end":{"line":27,"column":46}},"6":{"start":{"line":28,"column":28},"end":{"line":28,"column":40}},"7":{"start":{"line":30,"column":2},"end":{"line":60,"column":14}},"8":{"start":{"line":31,"column":26},"end":{"line":57,"column":5}},"9":{"start":{"line":32,"column":6},"end":{"line":56,"column":7}},"10":{"start":{"line":33,"column":8},"end":{"line":33,"column":24}},"11":{"start":{"line":34,"column":8},"end":{"line":34,"column":20}},"12":{"start":{"line":37,"column":25},"end":{"line":37,"column":55}},"13":{"start":{"line":38,"column":8},"end":{"line":38,"column":25}},"14":{"start":{"line":41,"column":26},"end":{"line":41,"column":67}},"15":{"start":{"line":42,"column":8},"end":{"line":42,"column":33}},"16":{"start":{"line":45,"column":33},"end":{"line":45,"column":82}},"17":{"start":{"line":46,"column":8},"end":{"line":46,"column":41}},"18":{"start":{"line":49,"column":29},"end":{"line":49,"column":78}},"19":{"start":{"line":50,"column":8},"end":{"line":50,"column":41}},"20":{"start":{"line":52,"column":8},"end":{"line":52,"column":49}},"21":{"start":{"line":53,"column":8},"end":{"line":53,"column":54}},"22":{"start":{"line":55,"column":8},"end":{"line":55,"column":25}},"23":{"start":{"line":59,"column":4},"end":{"line":59,"column":19}},"24":{"start":{"line":62,"column":2},"end":{"line":64,"column":3}},"25":{"start":{"line":63,"column":4},"end":{"line":63,"column":29}},"26":{"start":{"line":66,"column":2},"end":{"line":74,"column":3}},"27":{"start":{"line":67,"column":4},"end":{"line":73,"column":5}},"28":{"start":{"line":76,"column":2},"end":{"line":123,"column":3}}},"fnMap":{"0":{"name":"MyPage","decl":{"start":{"line":19,"column":24},"end":{"line":19,"column":30}},"loc":{"start":{"line":19,"column":33},"end":{"line":124,"column":1}},"line":19},"1":{"name":"(anonymous_1)","decl":{"start":{"line":30,"column":12},"end":{"line":30,"column":13}},"loc":{"start":{"line":30,"column":18},"end":{"line":60,"column":3}},"line":30},"2":{"name":"(anonymous_2)","decl":{"start":{"line":31,"column":26},"end":{"line":31,"column":27}},"loc":{"start":{"line":31,"column":38},"end":{"line":57,"column":5}},"line":31}},"branchMap":{"0":{"loc":{"start":{"line":62,"column":2},"end":{"line":64,"column":3}},"type":"if","locations":[{"start":{"line":62,"column":2},"end":{"line":64,"column":3}},{"start":{},"end":{}}],"line":62},"1":{"loc":{"start":{"line":66,"column":2},"end":{"line":74,"column":3}},"type":"if","locations":[{"start":{"line":66,"column":2},"end":{"line":74,"column":3}},{"start":{},"end":{}}],"line":66}},"s":{"0":0,"1":0,"2":0,"3":0,"4":0,"5":0,"6":0,"7":0,"8":0,"9":0,"10":0,"11":0,"12":0,"13":0,"14":0,"15":0,"16":0,"17":0,"18":0,"19":0,"20":0,"21":0,"22":0,"23":0,"24":0,"25":0,"26":0,"27":0,"28":0},"f":{"0":0,"1":0,"2":0},"b":{"0":[0,0],"1":[0,0]}}
,"/Users/hondatakahiro/開発環境/ホンダナ/team_library/library-management-system/frontend/src/app/purchase-requests/page.tsx": {"path":"/Users/hondatakahiro/開発環境/ホンダナ/team_library/library-management-system/frontend/src/app/purchase-requests/page.tsx","statementMap":{"0":{"start":{"line":38,"column":29},"end":{"line":365,"column":1}},"1":{"start":{"line":39,"column":17},"end":{"line":39,"column":28}},"2":{"start":{"line":40,"column":38},"end":{"line":40,"column":69}},"3":{"start":{"line":41,"column":48},"end":{"line":41,"column":79}},"4":{"start":{"line":42,"column":28},"end":{"line":42,"column":62}},"5":{"start":{"line":43,"column":36},"end":{"line":43,"column":50}},"6":{"start":{"line":44,"column":34},"end":{"line":44,"column":68}},"7":{"start":{"line":45,"column":30},"end":{"line":45,"column":49}},"8":{"start":{"line":46,"column":28},"end":{"line":46,"column":40}},"9":{"start":{"line":47,"column":44},"end":{"line":47,"column":73}},"10":{"start":{"line":49,"column":2},"end":{"line":91,"column":25}},"11":{"start":{"line":50,"column":22},"end":{"line":88,"column":5}},"12":{"start":{"line":51,"column":6},"end":{"line":51,"column":25}},"13":{"start":{"line":52,"column":6},"end":{"line":87,"column":7}},"14":{"start":{"line":54,"column":30},"end":{"line":54,"column":76}},"15":{"start":{"line":55,"column":8},"end":{"line":55,"column":67}},"16":{"start":{"line":55,"column":31},"end":{"line":55,"column":67}},"17":{"start":{"line":56,"column":26},"end":{"line":56,"column":52}},"18":{"start":{"line":59,"column":47},"end":{"line":59,"column":49}},"19":{"start":{"line":60,"column":8},"end":{"line":66,"column":11}},"20":{"start":{"line":61,"column":10},"end":{"line":61,"column":35}},"21":{"start":{"line":63,"column":10},"end":{"line":65,"column":11}},"22":{"start":{"line":64,"column":12},"end":{"line":64,"column":35}},"23":{"start":{"line":67,"column":8},"end":{"line":67,"column":27}},"24":{"start":{"line":70,"column":35},"end":{"line":70,"column":108}},"25":{"start":{"line":71,"column":8},"end":{"line":71,"column":70}},"26":{"start":{"line":71,"column":36},"end":{"line":71,"column":70}},"27":{"start":{"line":72,"column":31},"end":{"line":72,"column":62}},"28":{"start":{"line":73,"column":8},"end":{"line":73,"column":38}},"29":{"start":{"line":76,"column":8},"end":{"line":81,"column":9}},"30":{"start":{"line":77,"column":34},"end":{"line":77,"column":100}},"31":{"start":{"line":78,"column":10},"end":{"line":78,"column":71}},"32":{"start":{"line":78,"column":35},"end":{"line":78,"column":71}},"33":{"start":{"line":79,"column":30},"end":{"line":79,"column":58}},"34":{"start":{"line":80,"column":10},"end":{"line":80,"column":42}},"35":{"start":{"line":83,"column":8},"end":{"line":83,"column":51}},"36":{"start":{"line":84,"column":8},"end":{"line":84,"column":78}},"37":{"start":{"line":86,"column":8},"end":{"line":86,"column":28}},"38":{"start":{"line":90,"column":4},"end":{"line":90,"column":16}},"39":{"start":{"line":93,"column":24},"end":{"line":123,"column":3}},"40":{"start":{"line":94,"column":4},"end":{"line":94,"column":32}},"41":{"start":{"line":95,"column":4},"end":{"line":122,"column":5}},"42":{"start":{"line":96,"column":23},"end":{"line":102,"column":8}},"43":{"start":{"line":104,"column":6},"end":{"line":106,"column":7}},"44":{"start":{"line":105,"column":8},"end":{"line":105,"column":40}},"45":{"start":{"line":109,"column":6},"end":{"line":109,"column":75}},"46":{"start":{"line":109,"column":33},"end":{"line":109,"column":73}},"47":{"start":{"line":109,"column":52},"end":{"line":109,"column":72}},"48":{"start":{"line":112,"column":29},"end":{"line":112,"column":50}},"49":{"start":{"line":113,"column":6},"end":{"line":115,"column":8}},"50":{"start":{"line":114,"column":8},"end":{"line":114,"column":68}},"51":{"start":{"line":114,"column":24},"end":{"line":114,"column":67}},"52":{"start":{"line":118,"column":6},"end":{"line":118,"column":53}},"53":{"start":{"line":119,"column":6},"end":{"line":119,"column":73}},"54":{"start":{"line":121,"column":6},"end":{"line":121,"column":29}},"55":{"start":{"line":125,"column":23},"end":{"line":155,"column":3}},"56":{"start":{"line":126,"column":4},"end":{"line":126,"column":32}},"57":{"start":{"line":127,"column":4},"end":{"line":154,"column":5}},"58":{"start":{"line":128,"column":23},"end":{"line":134,"column":8}},"59":{"start":{"line":136,"column":6},"end":{"line":138,"column":7}},"60":{"start":{"line":137,"column":8},"end":{"line":137,"column":40}},"61":{"start":{"line":141,"column":6},"end":{"line":141,"column":75}},"62":{"start":{"line":141,"column":33},"end":{"line":141,"column":73}},"63":{"start":{"line":141,"column":52},"end":{"line":141,"column":72}},"64":{"start":{"line":144,"column":29},"end":{"line":144,"column":50}},"65":{"start":{"line":145,"column":6},"end":{"line":147,"column":8}},"66":{"start":{"line":146,"column":8},"end":{"line":146,"column":68}},"67":{"start":{"line":146,"column":24},"end":{"line":146,"column":67}},"68":{"start":{"line":150,"column":6},"end":{"line":150,"column":53}},"69":{"start":{"line":151,"column":6},"end":{"line":151,"column":73}},"70":{"start":{"line":153,"column":6},"end":{"line":153,"column":29}},"71":{"start":{"line":157,"column":25},"end":{"line":168,"column":3}},"72":{"start":{"line":158,"column":4},"end":{"line":167,"column":5}},"73":{"start":{"line":160,"column":8},"end":{"line":160,"column":100}},"74":{"start":{"line":162,"column":8},"end":{"line":162,"column":98}},"75":{"start":{"line":164,"column":8},"end":{"line":164,"column":93}},"76":{"start":{"line":166,"column":8},"end":{"line":166,"column":101}},"77":{"start":{"line":170,"column":21},"end":{"line":179,"column":3}},"78":{"start":{"line":171,"column":17},"end":{"line":171,"column":37}},"79":{"start":{"line":172,"column":4},"end":{"line":178,"column":7}},"80":{"start":{"line":181,"column":2},"end":{"line":187,"column":3}},"81":{"start":{"line":182,"column":4},"end":{"line":186,"column":6}},"82":{"start":{"line":189,"column":2},"end":{"line":364,"column":4}},"83":{"start":{"line":225,"column":18},"end":{"line":282,"column":23}},"84":{"start":{"line":257,"column":41},"end":{"line":257,"column":66}},"85":{"start":{"line":269,"column":41},"end":{"line":269,"column":65}},"86":{"start":{"line":306,"column":18},"end":{"line":346,"column":23}}},"fnMap":{"0":{"name":"(anonymous_0)","decl":{"start":{"line":38,"column":29},"end":{"line":38,"column":30}},"loc":{"start":{"line":38,"column":35},"end":{"line":365,"column":1}},"line":38},"1":{"name":"(anonymous_1)","decl":{"start":{"line":49,"column":12},"end":{"line":49,"column":13}},"loc":{"start":{"line":49,"column":18},"end":{"line":91,"column":3}},"line":49},"2":{"name":"(anonymous_2)","decl":{"start":{"line":50,"column":22},"end":{"line":50,"column":23}},"loc":{"start":{"line":50,"column":34},"end":{"line":88,"column":5}},"line":50},"3":{"name":"(anonymous_3)","decl":{"start":{"line":60,"column":26},"end":{"line":60,"column":27}},"loc":{"start":{"line":60,"column":42},"end":{"line":66,"column":9}},"line":60},"4":{"name":"(anonymous_4)","decl":{"start":{"line":93,"column":24},"end":{"line":93,"column":25}},"loc":{"start":{"line":93,"column":53},"end":{"line":123,"column":3}},"line":93},"5":{"name":"(anonymous_5)","decl":{"start":{"line":109,"column":25},"end":{"line":109,"column":26}},"loc":{"start":{"line":109,"column":33},"end":{"line":109,"column":73}},"line":109},"6":{"name":"(anonymous_6)","decl":{"start":{"line":109,"column":45},"end":{"line":109,"column":46}},"loc":{"start":{"line":109,"column":52},"end":{"line":109,"column":72}},"line":109},"7":{"name":"(anonymous_7)","decl":{"start":{"line":113,"column":20},"end":{"line":113,"column":21}},"loc":{"start":{"line":114,"column":8},"end":{"line":114,"column":68}},"line":114},"8":{"name":"(anonymous_8)","decl":{"start":{"line":114,"column":17},"end":{"line":114,"column":18}},"loc":{"start":{"line":114,"column":24},"end":{"line":114,"column":67}},"line":114},"9":{"name":"(anonymous_9)","decl":{"start":{"line":125,"column":23},"end":{"line":125,"column":24}},"loc":{"start":{"line":125,"column":52},"end":{"line":155,"column":3}},"line":125},"10":{"name":"(anonymous_10)","decl":{"start":{"line":141,"column":25},"end":{"line":141,"column":26}},"loc":{"start":{"line":141,"column":33},"end":{"line":141,"column":73}},"line":141},"11":{"name":"(anonymous_11)","decl":{"start":{"line":141,"column":45},"end":{"line":141,"column":46}},"loc":{"start":{"line":141,"column":52},"end":{"line":141,"column":72}},"line":141},"12":{"name":"(anonymous_12)","decl":{"start":{"line":145,"column":20},"end":{"line":145,"column":21}},"loc":{"start":{"line":146,"column":8},"end":{"line":146,"column":68}},"line":146},"13":{"name":"(anonymous_13)","decl":{"start":{"line":146,"column":17},"end":{"line":146,"column":18}},"loc":{"start":{"line":146,"column":24},"end":{"line":146,"column":67}},"line":146},"14":{"name":"(anonymous_14)","decl":{"start":{"line":157,"column":25},"end":{"line":157,"column":26}},"loc":{"start":{"line":157,"column":45},"end":{"line":168,"column":3}},"line":157},"15":{"name":"(anonymous_15)","decl":{"start":{"line":170,"column":21},"end":{"line":170,"column":22}},"loc":{"start":{"line":170,"column":45},"end":{"line":179,"column":3}},"line":170},"16":{"name":"(anonymous_16)","decl":{"start":{"line":224,"column":37},"end":{"line":224,"column":38}},"loc":{"start":{"line":225,"column":18},"end":{"line":282,"column":23}},"line":225},"17":{"name":"(anonymous_17)","decl":{"start":{"line":257,"column":35},"end":{"line":257,"column":36}},"loc":{"start":{"line":257,"column":41},"end":{"line":257,"column":66}},"line":257},"18":{"name":"(anonymous_18)","decl":{"start":{"line":269,"column":35},"end":{"line":269,"column":36}},"loc":{"start":{"line":269,"column":41},"end":{"line":269,"column":65}},"line":269},"19":{"name":"(anonymous_19)","decl":{"start":{"line":305,"column":32},"end":{"line":305,"column":33}},"loc":{"start":{"line":306,"column":18},"end":{"line":346,"column":23}},"line":306}},"branchMap":{"0":{"loc":{"start":{"line":55,"column":8},"end":{"line":55,"column":67}},"type":"if","locations":[{"start":{"line":55,"column":8},"end":{"line":55,"column":67}},{"start":{},"end":{}}],"line":55},"1":{"loc":{"start":{"line":63,"column":10},"end":{"line":65,"column":11}},"type":"if","locations":[{"start":{"line":63,"column":10},"end":{"line":65,"column":11}},{"start":{},"end":{}}],"line":63},"2":{"loc":{"start":{"line":71,"column":8},"end":{"line":71,"column":70}},"type":"if","locations":[{"start":{"line":71,"column":8},"end":{"line":71,"column":70}},{"start":{},"end":{}}],"line":71},"3":{"loc":{"start":{"line":76,"column":8},"end":{"line":81,"column":9}},"type":"if","locations":[{"start":{"line":76,"column":8},"end":{"line":81,"column":9}},{"start":{},"end":{}}],"line":76},"4":{"loc":{"start":{"line":76,"column":12},"end":{"line":76,"column":70}},"type":"binary-expr","locations":[{"start":{"line":76,"column":12},"end":{"line":76,"column":32}},{"start":{"line":76,"column":36},"end":{"line":76,"column":70}}],"line":76},"5":{"loc":{"start":{"line":78,"column":10},"end":{"line":78,"column":71}},"type":"if","locations":[{"start":{"line":78,"column":10},"end":{"line":78,"column":71}},{"start":{},"end":{}}],"line":78},"6":{"loc":{"start":{"line":84,"column":17},"end":{"line":84,"column":76}},"type":"cond-expr","locations":[{"start":{"line":84,"column":40},"end":{"line":84,"column":51}},{"start":{"line":84,"column":54},"end":{"line":84,"column":76}}],"line":84},"7":{"loc":{"start":{"line":104,"column":6},"end":{"line":106,"column":7}},"type":"if","locations":[{"start":{"line":104,"column":6},"end":{"line":106,"column":7}},{"start":{},"end":{}}],"line":104},"8":{"loc":{"start":{"line":114,"column":24},"end":{"line":114,"column":67}},"type":"cond-expr","locations":[{"start":{"line":114,"column":47},"end":{"line":114,"column":61}},{"start":{"li
[...]
,"/Users/hondatakahiro/開発環境/ホンダナ/team_library/library-management-system/frontend/src/lib/auth-api.ts": {"path":"/Users/hondatakahiro/開発環境/ホンダナ/team_library/library-management-system/frontend/src/lib/auth-api.ts","statementMap":{"0":{"start":{"line":4,"column":21},"end":{"line":4,"column":44}},"1":{"start":{"line":7,"column":22},"end":{"line":12,"column":2}},"2":{"start":{"line":15,"column":0},"end":{"line":25,"column":2}},"3":{"start":{"line":16,"column":16},"end":{"line":16,"column":24}},"4":{"start":{"line":18,"column":4},"end":{"line":22,"column":5}},"5":{"start":{"line":20,"column":6},"end":{"line":20,"column":46}},"6":{"start":{"line":21,"column":6},"end":{"line":21,"column":47}},"7":{"start":{"line":23,"column":4},"end":{"line":23,"column":33}},"8":{"start":{"line":27,"column":23},"end":{"line":66,"column":1}},"9":{"start":{"line":30,"column":21},"end":{"line":30,"column":68}},"10":{"start":{"line":31,"column":4},"end":{"line":31,"column":25}},"11":{"start":{"line":36,"column":21},"end":{"line":36,"column":68}},"12":{"start":{"line":37,"column":4},"end":{"line":37,"column":25}},"13":{"start":{"line":42,"column":21},"end":{"line":46,"column":6}},"14":{"start":{"line":47,"column":4},"end":{"line":47,"column":25}},"15":{"start":{"line":52,"column":21},"end":{"line":54,"column":6}},"16":{"start":{"line":55,"column":4},"end":{"line":55,"column":25}},"17":{"start":{"line":60,"column":4},"end":{"line":64,"column":7}}},"fnMap":{"0":{"name":"(anonymous_0)","decl":{"start":{"line":16,"column":2},"end":{"line":16,"column":3}},"loc":{"start":{"line":16,"column":16},"end":{"line":16,"column":24}},"line":16},"1":{"name":"(anonymous_1)","decl":{"start":{"line":17,"column":2},"end":{"line":17,"column":3}},"loc":{"start":{"line":17,"column":13},"end":{"line":24,"column":3}},"line":17},"2":{"name":"(anonymous_2)","decl":{"start":{"line":29,"column":9},"end":{"line":29,"column":10}},"loc":{"start":{"line":29,"column":70},"end":{"line":32,"column":3}},"line":29},"3":{"name":"(anonymous_3)","decl":{"start":{"line":35,"column":12},"end":{"line":35,"column":13}},"loc":{"start":{"line":35,"column":64},"end":{"line":38,"column":3}},"line":35},"4":{"name":"(anonymous_4)","decl":{"start":{"line":41,"column":18},"end":{"line":41,"column":19}},"loc":{"start":{"line":41,"column":58},"end":{"line":48,"column":3}},"line":41},"5":{"name":"(anonymous_5)","decl":{"start":{"line":51,"column":16},"end":{"line":51,"column":17}},"loc":{"start":{"line":51,"column":72},"end":{"line":56,"column":3}},"line":51},"6":{"name":"(anonymous_6)","decl":{"start":{"line":59,"column":10},"end":{"line":59,"column":11}},"loc":{"start":{"line":59,"column":50},"end":{"line":65,"column":3}},"line":59}},"branchMap":{"0":{"loc":{"start":{"line":18,"column":4},"end":{"line":22,"column":5}},"type":"if","locations":[{"start":{"line":18,"column":4},"end":{"line":22,"column":5}},{"start":{},"end":{}}],"line":18}},"s":{"0":0,"1":0,"2":0,"3":0,"4":0,"5":0,"6":0,"7":0,"8":0,"9":0,"10":0,"11":0,"12":0,"13":0,"14":0,"15":0,"16":0,"17":0},"f":{"0":0,"1":0,"2":0,"3":0,"4":0,"5":0,"6":0},"b":{"0":[0,0]}}
,"/Users/hondatakahiro/開発環境/ホンダナ/team_library/library-management-system/frontend/src/lib/auth-store.ts": {"path":"/Users/hondatakahiro/開発環境/ホンダナ/team_library/library-management-system/frontend/src/lib/auth-store.ts","statementMap":{"0":{"start":{"line":8,"column":28},"end":{"line":144,"column":1}},"1":{"start":{"line":10,"column":19},"end":{"line":134,"column":5}},"2":{"start":{"line":20,"column":8},"end":{"line":42,"column":9}},"3":{"start":{"line":21,"column":10},"end":{"line":21,"column":35}},"4":{"start":{"line":23,"column":27},"end":{"line":23,"column":59}},"5":{"start":{"line":26,"column":10},"end":{"line":26,"column":70}},"6":{"start":{"line":27,"column":10},"end":{"line":27,"column":72}},"7":{"start":{"line":30,"column":23},"end":{"line":30,"column":74}},"8":{"start":{"line":32,"column":10},"end":{"line":38,"column":13}},"9":{"start":{"line":40,"column":10},"end":{"line":40,"column":36}},"10":{"start":{"line":41,"column":10},"end":{"line":41,"column":22}},"11":{"start":{"line":47,"column":32},"end":{"line":47,"column":37}},"12":{"start":{"line":50,"column":8},"end":{"line":52,"column":9}},"13":{"start":{"line":51,"column":10},"end":{"line":51,"column":54}},"14":{"start":{"line":55,"column":8},"end":{"line":55,"column":48}},"15":{"start":{"line":56,"column":8},"end":{"line":56,"column":49}},"16":{"start":{"line":58,"column":8},"end":{"line":64,"column":11}},"17":{"start":{"line":69,"column":8},"end":{"line":79,"column":9}},"18":{"start":{"line":70,"column":10},"end":{"line":70,"column":35}},"19":{"start":{"line":72,"column":23},"end":{"line":72,"column":55}},"20":{"start":{"line":75,"column":10},"end":{"line":75,"column":36}},"21":{"start":{"line":77,"column":10},"end":{"line":77,"column":36}},"22":{"start":{"line":78,"column":10},"end":{"line":78,"column":22}},"23":{"start":{"line":84,"column":8},"end":{"line":105,"column":9}},"24":{"start":{"line":85,"column":35},"end":{"line":85,"column":40}},"25":{"start":{"line":87,"column":10},"end":{"line":89,"column":11}},"26":{"start":{"line":88,"column":12},"end":{"line":88,"column":48}},"27":{"start":{"line":91,"column":27},"end":{"line":91,"column":67}},"28":{"start":{"line":94,"column":10},"end":{"line":94,"column":70}},"29":{"start":{"line":95,"column":10},"end":{"line":95,"column":72}},"30":{"start":{"line":97,"column":10},"end":{"line":100,"column":13}},"31":{"start":{"line":103,"column":10},"end":{"line":103,"column":25}},"32":{"start":{"line":104,"column":10},"end":{"line":104,"column":22}},"33":{"start":{"line":110,"column":8},"end":{"line":127,"column":9}},"34":{"start":{"line":111,"column":34},"end":{"line":111,"column":39}},"35":{"start":{"line":113,"column":10},"end":{"line":115,"column":11}},"36":{"start":{"line":114,"column":12},"end":{"line":114,"column":46}},"37":{"start":{"line":117,"column":23},"end":{"line":117,"column":64}},"38":{"start":{"line":119,"column":10},"end":{"line":122,"column":13}},"39":{"start":{"line":125,"column":10},"end":{"line":125,"column":25}},"40":{"start":{"line":126,"column":10},"end":{"line":126,"column":22}},"41":{"start":{"line":132,"column":8},"end":{"line":132,"column":36}},"42":{"start":{"line":138,"column":30},"end":{"line":141,"column":7}},"43":{"start":{"line":147,"column":30},"end":{"line":166,"column":1}},"44":{"start":{"line":148,"column":22},"end":{"line":148,"column":58}},"45":{"start":{"line":149,"column":23},"end":{"line":149,"column":60}},"46":{"start":{"line":151,"column":2},"end":{"line":165,"column":3}},"47":{"start":{"line":152,"column":18},"end":{"line":152,"column":41}},"48":{"start":{"line":154,"column":4},"end":{"line":164,"column":5}},"49":{"start":{"line":156,"column":6},"end":{"line":156,"column":38}},"50":{"start":{"line":157,"column":6},"end":{"line":157,"column":40}},"51":{"start":{"line":160,"column":6},"end":{"line":160,"column":35}},"52":{"start":{"line":163,"column":6},"end":{"line":163,"column":21}}},"fnMap":{"0":{"name":"(anonymous_0)","decl":{"start":{"line":10,"column":4},"end":{"line":10,"column":5}},"loc":{"start":{"line":10,"column":19},"end":{"line":134,"column":5}},"line":10},"1":{"name":"(anonymous_1)","decl":{"start":{"line":19,"column":13},"end":{"line":19,"column":14}},"loc":{"start":{"line":19,"column":50},"end":{"line":43,"column":7}},"line":19},"2":{"name":"(anonymous_2)","decl":{"start":{"line":46,"column":14},"end":{"line":46,"column":15}},"loc":{"start":{"line":46,"column":20},"end":{"line":65,"column":7}},"line":46},"3":{"name":"(anonymous_3)","decl":{"start":{"line":51,"column":44},"end":{"line":51,"column":45}},"loc":{"start":{"line":51,"column":50},"end":{"line":51,"column":52}},"line":51},"4":{"name":"(anonymous_4)","decl":{"start":{"line":68,"column":16},"end":{"line":68,"column":17}},"loc":{"start":{"line":68,"column":53},"end":{"line":80,"column":7}},"line":68},"5":{"name":"(anonymous_5)","decl":{"start":{"line":83,"column":26},"end":{"line":83,"column":27}},"loc":{"start":{"line":83,"column":38},"end":{"line":106,"column":7}},"line":83},"6":{"name":"(anonymous_6)","decl":{"start":{"line":109,"column":22},"end":{"line":109,"column":23}},"loc":{"start":{"line":109,"column":34},"end":{"line":128,"column":7}},"line":109},"7":{"name":"(anonymous_7)","decl":{"start":{"line":131,"column":18},"end":{"line":131,"column":19}},"loc":{"start":{"line":131,"column":40},"end":{"line":133,"column":7}},"line":131},"8":{"name":"(anonymous_8)","decl":{"start":{"line":138,"column":18},"end":{"line":138,"column":19}},"loc":{"start":{"line":138,"column":30},"end":{"line":141,"column":7}},"line":138},"9":{"name":"(anonymous_9)","decl":{"start":{"line":147,"column":30},"end":{"line":147,"column":31}},"loc":{"start":{"line":147,"column":42},"end":{"line":166,"column":1}},"line":147}},"branchMap":{"0":{"loc":{"start":{"line":50,"column":8},"end":{"line":52,"column":9}},"type":"if","locations":[{"start":{"line":50,"column":8},"end":{"line":52,"column":9}},{"start":{},"end":{}}],"line":50},"1":{"loc":{"start":{"line":87,"column":10},"end":{"line":89,"column":11}},"type":"if","locations":[{"start":{"line":87,"column":10},"end":{"line":89,"column":11}},{"start":{},"end":{}}],"line":87},"2":{"loc":{"start":{"line":113,"column":10},"end":{"line":115,"column":11}},"type":"if","locations":[{"start":{"line":113,"column":10},"end":{"line":115,"column":11}},{"start":{},"end":{}}],"line":113},"3":{"loc":{"start":{"line":151,"column":2},"end":{"line":165,"column":3}},"type":"if","locations":[{"start":{"line":151,"column":2},"end":{"line":165,"column":3}},{"start":{},"end":{}}],"line":151},"4":{"loc":{"start":{"line":151,"column":6},"end":{"line":151,"column":33}},"type":"binary-expr","locations":[{"start":{"line":151,"column":6},"end":{"line":151,"column":17}},{"start":{"line":151,"column":21},"end":{"line":151,"column":33}}],"line":151}},"s":{"0":0,"1":0,"2":0,"3":0,"4":0,"5":0,"6":0,"7":0,"8":0,"9":0,"10":0,"11":0,"12":0,"13":0,"14":0,"15":0,"16":0,"17":0,"18":0,"19":0,"20":0,"21":0,"22":0,"23":0,"24":0,"25":0,"26":0,"27":0,"28":0,"29":0,"30":0,"31":0,"32":0,"33":0,"34":0,"35":0,"36":0,"37":0,"38":0,"39":0,"40":0,"41":0,"42":0,"43":0,"44":0,"45":0,"46":0,"47":0,"48":0,"49":0,"50":0,"51":0,"52":0},"f":{"0":0,"1":0,"2":0,"3":0,"4":0,"5":0,"6":0,"7":0,"8":0,"9":0},"b":{"0":[0,0],"1":[0,0],"2":[0,0],"3":[0,0],"4":[0,0]}}
,"/Users/hondatakahiro/開発環境/ホンダナ/team_library/library-management-system/frontend/src/lib/global-store.ts": {"path":"/Users/hondatakahiro/開発環境/ホンダナ/team_library/library-management-system/frontend/src/lib/global-store.ts","statementMap":{"0":{"start":{"line":61,"column":26},"end":{"line":182,"column":1}},"1":{"start":{"line":63,"column":19},"end":{"line":171,"column":5}},"2":{"start":{"line":66,"column":41},"end":{"line":66,"column":67}},"3":{"start":{"line":76,"column":38},"end":{"line":81,"column":9}},"4":{"start":{"line":76,"column":54},"end":{"line":81,"column":7}},"5":{"start":{"line":82,"column":33},"end":{"line":87,"column":9}},"6":{"start":{"line":82,"column":49},"end":{"line":87,"column":7}},"7":{"start":{"line":88,"column":28},"end":{"line":93,"column":9}},"8":{"start":{"line":88,"column":44},"end":{"line":93,"column":7}},"9":{"start":{"line":89,"column":64},"end":{"line":92,"column":9}},"10":{"start":{"line":98,"column":19},"end":{"line":98,"column":40}},"11":{"start":{"line":99,"column":32},"end":{"line":99,"column":55}},"12":{"start":{"line":101,"column":8},"end":{"line":103,"column":12}},"13":{"start":{"line":101,"column":24},"end":{"line":103,"column":9}},"14":{"start":{"line":106,"column":25},"end":{"line":106,"column":54}},"15":{"start":{"line":107,"column":8},"end":{"line":109,"column":21}},"16":{"start":{"line":108,"column":10},"end":{"line":108,"column":39}},"17":{"start":{"line":111,"column":34},"end":{"line":113,"column":9}},"18":{"start":{"line":111,"column":50},"end":{"line":113,"column":7}},"19":{"start":{"line":112,"column":55},"end":{"line":112,"column":66}},"20":{"start":{"line":114,"column":32},"end":{"line":114,"column":58}},"21":{"start":{"line":130,"column":48},"end":{"line":138,"column":9}},"22":{"start":{"line":130,"column":64},"end":{"line":138,"column":7}},"23":{"start":{"line":139,"column":39},"end":{"line":153,"column":9}},"24":{"start":{"line":139,"column":55},"end":{"line":153,"column":7}},"25":{"start":{"line":162,"column":43},"end":{"line":170,"column":9}},"26":{"start":{"line":162,"column":59},"end":{"line":170,"column":7}},"27":{"start":{"line":175,"column":30},"end":{"line":179,"column":7}}},"fnMap":{"0":{"name":"(anonymous_0)","decl":{"start":{"line":63,"column":4},"end":{"line":63,"column":5}},"loc":{"start":{"line":63,"column":19},"end":{"line":171,"column":5}},"line":63},"1":{"name":"(anonymous_1)","decl":{"start":{"line":66,"column":22},"end":{"line":66,"column":23}},"loc":{"start":{"line":66,"column":41},"end":{"line":66,"column":67}},"line":66},"2":{"name":"(anonymous_2)","decl":{"start":{"line":76,"column":17},"end":{"line":76,"column":18}},"loc":{"start":{"line":76,"column":38},"end":{"line":81,"column":9}},"line":76},"3":{"name":"(anonymous_3)","decl":{"start":{"line":76,"column":42},"end":{"line":76,"column":43}},"loc":{"start":{"line":76,"column":54},"end":{"line":81,"column":7}},"line":76},"4":{"name":"(anonymous_4)","decl":{"start":{"line":82,"column":18},"end":{"line":82,"column":19}},"loc":{"start":{"line":82,"column":33},"end":{"line":87,"column":9}},"line":82},"5":{"name":"(anonymous_5)","decl":{"start":{"line":82,"column":37},"end":{"line":82,"column":38}},"loc":{"start":{"line":82,"column":49},"end":{"line":87,"column":7}},"line":82},"6":{"name":"(anonymous_6)","decl":{"start":{"line":88,"column":22},"end":{"line":88,"column":23}},"loc":{"start":{"line":88,"column":28},"end":{"line":93,"column":9}},"line":88},"7":{"name":"(anonymous_7)","decl":{"start":{"line":88,"column":32},"end":{"line":88,"column":33}},"loc":{"start":{"line":88,"column":44},"end":{"line":93,"column":7}},"line":88},"8":{"name":"(anonymous_8)","decl":{"start":{"line":89,"column":49},"end":{"line":89,"column":50}},"loc":{"start":{"line":89,"column":64},"end":{"line":92,"column":9}},"line":89},"9":{"name":"(anonymous_9)","decl":{"start":{"line":97,"column":23},"end":{"line":97,"column":24}},"loc":{"start":{"line":97,"column":41},"end":{"line":110,"column":7}},"line":97},"10":{"name":"(anonymous_10)","decl":{"start":{"line":101,"column":12},"end":{"line":101,"column":13}},"loc":{"start":{"line":101,"column":24},"end":{"line":103,"column":9}},"line":101},"11":{"name":"(anonymous_11)","decl":{"start":{"line":107,"column":19},"end":{"line":107,"column":20}},"loc":{"start":{"line":107,"column":25},"end":{"line":109,"column":9}},"line":107},"12":{"name":"(anonymous_12)","decl":{"start":{"line":111,"column":26},"end":{"line":111,"column":27}},"loc":{"start":{"line":111,"column":34},"end":{"line":113,"column":9}},"line":111},"13":{"name":"(anonymous_13)","decl":{"start":{"line":111,"column":38},"end":{"line":111,"column":39}},"loc":{"start":{"line":111,"column":50},"end":{"line":113,"column":7}},"line":111},"14":{"name":"(anonymous_14)","decl":{"start":{"line":112,"column":50},"end":{"line":112,"column":51}},"loc":{"start":{"line":112,"column":55},"end":{"line":112,"column":66}},"line":112},"15":{"name":"(anonymous_15)","decl":{"start":{"line":114,"column":26},"end":{"line":114,"column":27}},"loc":{"start":{"line":114,"column":32},"end":{"line":114,"column":58}},"line":114},"16":{"name":"(anonymous_16)","decl":{"start":{"line":130,"column":26},"end":{"line":130,"column":27}},"loc":{"start":{"line":130,"column":48},"end":{"line":138,"column":9}},"line":130},"17":{"name":"(anonymous_17)","decl":{"start":{"line":130,"column":52},"end":{"line":130,"column":53}},"loc":{"start":{"line":130,"column":64},"end":{"line":138,"column":7}},"line":130},"18":{"name":"(anonymous_18)","decl":{"start":{"line":139,"column":26},"end":{"line":139,"column":27}},"loc":{"start":{"line":139,"column":39},"end":{"line":153,"column":9}},"line":139},"19":{"name":"(anonymous_19)","decl":{"start":{"line":139,"column":43},"end":{"line":139,"column":44}},"loc":{"start":{"line":139,"column":55},"end":{"line":153,"column":7}},"line":139},"20":{"name":"(anonymous_20)","decl":{"start":{"line":162,"column":24},"end":{"line":162,"column":25}},"loc":{"start":{"line":162,"column":43},"end":{"line":170,"column":9}},"line":162},"21":{"name":"(anonymous_21)","decl":{"start":{"line":162,"column":47},"end":{"line":162,"column":48}},"loc":{"start":{"line":162,"column":59},"end":{"line":170,"column":7}},"line":162},"22":{"name":"(anonymous_22)","decl":{"start":{"line":175,"column":18},"end":{"line":175,"column":19}},"loc":{"start":{"line":175,"column":30},"end":{"line":179,"column":7}},"line":175}},"branchMap":{"0":{"loc":{"start":{"line":106,"column":25},"end":{"line":106,"column":54}},"type":"binary-expr","locations":[{"start":{"line":106,"column":25},"end":{"line":106,"column":46}},{"start":{"line":106,"column":50},"end":{"line":106,"column":54}}],"line":106},"1":{"loc":{"start":{"line":142,"column":21},"end":{"line":151,"column":11}},"type":"cond-expr","locations":[{"start":{"line":142,"column":43},"end":{"line":147,"column":11}},{"start":{"line":147,"column":14},"end":{"line":151,"column":11}}],"line":142}},"s":{"0":0,"1":0,"2":0,"3":0,"4":0,"5":0,"6":0,"7":0,"8":0,"9":0,"10":0,"11":0,"12":0,"13":0,"14":0,"15":0,"16":0,"17":0,"18":0,"19":0,"20":0,"21":0,"22":0,"23":0,"24":0,"25":0,"26":0,"27":0},"f":{"0":0,"1":0,"2":0,"3":0,"4":0,"5":0,"6":0,"7":0,"8":0,"9":0,"10":0,"11":0,"12":0,"13":0,"14":0,"15":0,"16":0,"17":0,"18":0,"19":0,"20":0,"21":0,"22":0},"b":{"0":[0,0],"1":[0,0]}}
,"/Users/hondatakahiro/開発環境/ホンダナ/team_library/library-management-system/frontend/src/types/auth.ts": {"path":"/Users/hondatakahiro/開発環境/ホンダナ/team_library/library-management-system/frontend/src/types/auth.ts","statementMap":{},"fnMap":{},"branchMap":{},"s":{},"f":{},"b":{}}
,"/Users/hondatakahiro/開発環境/ホンダナ/team_library/library-management-system/frontend/src/types/book.ts": {"path":"/Users/hondatakahiro/開発環境/ホンダナ/team_library/library-management-system/frontend/src/types/book.ts","statementMap":{},"fnMap":{},"branchMap":{},"s":{},"f":{},"b":{}}
,"/Users/hondatakahiro/開発環境/ホンダナ/team_library/library-management-system/frontend/src/types/purchase.ts": {"path":"/Users/hondatakahiro/開発環境/ホンダナ/team_library/library-management-system/frontend/src/types/purchase.ts","statementMap":{},"fnMap":{},"branchMap":{},"s":{},"f":{},"b":{}}
,"/Users/hondatakahiro/開発環境/ホンダナ/team_library/library-management-system/frontend/src/types/request.ts": {"path":"/Users/hondatakahiro/開発環境/ホンダナ/team_library/library-management-system/frontend/src/types/request.ts","statementMap":{},"fnMap":{},"branchMap":{},"s":{},"f":{},"b":{}}
,"/Users/hondatakahiro/開発環境/ホンダナ/team_library/library-management-system/frontend/src/types/user.ts": {"path":"/Users/hondatakahiro/開発環境/ホンダナ/team_library/library-management-system/frontend/src/types/user.ts","statementMap":{},"fnMap":{},"branchMap":{},"s":{},"f":{},"b":{}}
}
